[0.083s] Invoking command in '/home/nhmgs/d2lros2/build/examples_rclcpp_wait_set': CMAKE_PREFIX_PATH=/opt/ros/humble /usr/bin/cmake /home/nhmgs/d2lros2/chapt2/colcon_test_ws/src/examples/rclcpp/wait_set -DAMENT_CMAKE_SYMLINK_INSTALL=1 -DCMAKE_INSTALL_PREFIX=/home/nhmgs/d2lros2/install/examples_rclcpp_wait_set
[7.024s] -- The C compiler identification is GNU 11.4.0
[7.024s] -- The CXX compiler identification is GNU 11.4.0
[7.024s] -- Detecting C compiler ABI info
[7.024s] -- Detecting C compiler ABI info - done
[7.024s] -- Check for working C compiler: /usr/bin/cc - skipped
[7.024s] -- Detecting C compile features
[7.024s] -- Detecting C compile features - done
[7.024s] -- Detecting CXX compiler ABI info
[7.024s] -- Detecting CXX compiler ABI info - done
[7.025s] -- Check for working CXX compiler: /usr/bin/c++ - skipped
[7.025s] -- Detecting CXX compile features
[7.025s] -- Detecting CXX compile features - done
[7.025s] -- Found ament_cmake: 1.3.9 (/opt/ros/humble/share/ament_cmake/cmake)
[7.025s] -- Found Python3: /usr/bin/python3 (found version "3.10.12") found components: Interpreter
[7.025s] -- Override CMake install command with custom implementation using symlinks instead of copying resources
[7.025s] -- Found example_interfaces: 0.9.3 (/opt/ros/humble/share/example_interfaces/cmake)
[7.025s] -- Found rosidl_generator_c: 3.1.5 (/opt/ros/humble/share/rosidl_generator_c/cmake)
[7.025s] -- Found rosidl_adapter: 3.1.5 (/opt/ros/humble/share/rosidl_adapter/cmake)
[7.025s] -- Found rosidl_generator_cpp: 3.1.5 (/opt/ros/humble/share/rosidl_generator_cpp/cmake)
[7.025s] -- Using all available rosidl_typesupport_c: rosidl_typesupport_fastrtps_c;rosidl_typesupport_introspection_c
[7.025s] -- Using all available rosidl_typesupport_cpp: rosidl_typesupport_fastrtps_cpp;rosidl_typesupport_introspection_cpp
[7.026s] -- Found rclcpp: 16.0.9 (/opt/ros/humble/share/rclcpp/cmake)
[7.026s] -- Found rmw_implementation_cmake: 6.1.2 (/opt/ros/humble/share/rmw_implementation_cmake/cmake)
[7.026s] -- Found rmw_fastrtps_cpp: 6.2.6 (/opt/ros/humble/share/rmw_fastrtps_cpp/cmake)
[7.026s] -- Found OpenSSL: /usr/lib/x86_64-linux-gnu/libcrypto.so (found version "3.0.2")
[7.026s] -- Found FastRTPS: /opt/ros/humble/include
[7.028s] -- Using RMW implementation 'rmw_fastrtps_cpp' as default
[7.028s] -- Performing Test CMAKE_HAVE_LIBC_PTHREAD
[7.028s] -- Performing Test CMAKE_HAVE_LIBC_PTHREAD - Success
[7.028s] -- Found Threads: TRUE
[7.482s] -- Found rclcpp_components: 16.0.9 (/opt/ros/humble/share/rclcpp_components/cmake)
[7.810s] -- Found ament_lint_auto: 0.12.11 (/opt/ros/humble/share/ament_lint_auto/cmake)
[8.052s] -- Added test 'copyright' to check source files copyright and LICENSE
[8.063s] -- Added test 'cppcheck' to perform static code analysis on C / C++ code
[8.064s] -- Configured cppcheck include dirs: /home/nhmgs/d2lros2/chapt2/colcon_test_ws/src/examples/rclcpp/wait_set/include
[8.064s] -- Configured cppcheck exclude dirs and/or files: 
[8.065s] -- Added test 'cpplint' to check C / C++ code against the Google style
[8.066s] -- Configured cpplint exclude dirs and/or files: 
[8.069s] -- Added test 'lint_cmake' to check CMake code style
[8.071s] -- Added test 'uncrustify' to check C / C++ code style
[8.072s] -- Configured uncrustify additional arguments: 
[8.073s] -- Added test 'xmllint' to check XML markup files
[8.079s] -- Configuring done (8.0s)
[8.222s] -- Generating done (0.1s)
[8.225s] -- Build files have been written to: /home/nhmgs/d2lros2/build/examples_rclcpp_wait_set
[8.280s] Invoked command in '/home/nhmgs/d2lros2/build/examples_rclcpp_wait_set' returned '0': CMAKE_PREFIX_PATH=/opt/ros/humble /usr/bin/cmake /home/nhmgs/d2lros2/chapt2/colcon_test_ws/src/examples/rclcpp/wait_set -DAMENT_CMAKE_SYMLINK_INSTALL=1 -DCMAKE_INSTALL_PREFIX=/home/nhmgs/d2lros2/install/examples_rclcpp_wait_set
[8.281s] Invoking command in '/home/nhmgs/d2lros2/build/examples_rclcpp_wait_set': CMAKE_PREFIX_PATH=/opt/ros/humble /usr/bin/cmake --build /home/nhmgs/d2lros2/build/examples_rclcpp_wait_set -- -j12 -l12
[253.425s] [  4%] [32mBuilding CXX object CMakeFiles/talker.dir/src/talker.cpp.o[0m
[253.426s] [  8%] [32mBuilding CXX object CMakeFiles/wait_set_talker.dir/rclcpp_components/node_main_wait_set_talker.cpp.o[0m
[253.426s] [ 12%] [32mBuilding CXX object CMakeFiles/listener.dir/src/listener.cpp.o[0m
[253.427s] [ 16%] [32mBuilding CXX object CMakeFiles/wait_set_listener.dir/rclcpp_components/node_main_wait_set_listener.cpp.o[0m
[253.427s] [ 20%] [32mBuilding CXX object CMakeFiles/wait_set.dir/src/wait_set.cpp.o[0m
[253.427s] [ 29%] [32mBuilding CXX object CMakeFiles/static_wait_set.dir/src/static_wait_set.cpp.o[0m
[253.428s] [ 29%] [32mBuilding CXX object CMakeFiles/thread_safe_wait_set.dir/src/thread_safe_wait_set.cpp.o[0m
[253.428s] [ 33%] [32mBuilding CXX object CMakeFiles/wait_set_random_order.dir/src/wait_set_random_order.cpp.o[0m
[253.428s] [ 37%] [32mBuilding CXX object CMakeFiles/wait_set_topics_and_timer.dir/src/wait_set_topics_and_timer.cpp.o[0m
[253.428s] [ 41%] [32mBuilding CXX object CMakeFiles/executor_random_order.dir/src/executor_random_order.cpp.o[0m
[253.428s] [ 45%] [32mBuilding CXX object CMakeFiles/wait_set_topics_with_different_rates.dir/src/wait_set_topics_with_different_rates.cpp.o[0m
[253.430s] [01m[Kc++:[m[K [01;31m[Kfatal error: [m[KKilled signal terminated program cc1plus
[253.430s] compilation terminated.
[253.431s] gmake[2]: *** [CMakeFiles/wait_set_talker.dir/build.make:76: CMakeFiles/wait_set_talker.dir/rclcpp_components/node_main_wait_set_talker.cpp.o] Error 1
[253.431s] gmake[1]: *** [CMakeFiles/Makefile2:185: CMakeFiles/wait_set_talker.dir/all] Error 2
[253.431s] gmake[1]: *** Waiting for unfinished jobs....
[253.431s] [01m[Kc++:[m[K [01;31m[Kfatal error: [m[KKilled signal terminated program cc1plus
[253.431s] compilation terminated.
[253.431s] gmake[2]: *** [CMakeFiles/wait_set_topics_and_timer.dir/build.make:76: CMakeFiles/wait_set_topics_and_timer.dir/src/wait_set_topics_and_timer.cpp.o] Error 1
[253.431s] gmake[1]: *** [CMakeFiles/Makefile2:341: CMakeFiles/wait_set_topics_and_timer.dir/all] Error 2
[253.431s] [01m[Kc++:[m[K [01;31m[Kfatal error: [m[KKilled signal terminated program cc1plus
[253.431s] compilation terminated.
[253.431s] gmake[2]: *** [CMakeFiles/thread_safe_wait_set.dir/build.make:76: CMakeFiles/thread_safe_wait_set.dir/src/thread_safe_wait_set.cpp.o] Error 1
[253.432s] gmake[1]: *** [CMakeFiles/Makefile2:315: CMakeFiles/thread_safe_wait_set.dir/all] Error 2
[253.432s] [01m[Kc++:[m[K [01;31m[Kfatal error: [m[KKilled signal terminated program cc1plus
[253.432s] compilation terminated.
[253.432s] gmake[2]: *** [CMakeFiles/wait_set.dir/build.make:76: CMakeFiles/wait_set.dir/src/wait_set.cpp.o] Error 1
[253.432s] gmake[1]: *** [CMakeFiles/Makefile2:263: CMakeFiles/wait_set.dir/all] Error 2
[253.432s] [01m[Kc++:[m[K [01;31m[Kfatal error: [m[KKilled signal terminated program cc1plus
[253.432s] compilation terminated.
[253.433s] gmake[2]: *** [CMakeFiles/static_wait_set.dir/build.make:76: CMakeFiles/static_wait_set.dir/src/static_wait_set.cpp.o] Error 1
[253.433s] gmake[1]: *** [CMakeFiles/Makefile2:289: CMakeFiles/static_wait_set.dir/all] Error 2
[253.433s] [01m[Kc++:[m[K [01;31m[Kfatal error: [m[KKilled signal terminated program cc1plus
[253.433s] compilation terminated.
[253.433s] gmake[2]: *** [CMakeFiles/wait_set_listener.dir/build.make:76: CMakeFiles/wait_set_listener.dir/rclcpp_components/node_main_wait_set_listener.cpp.o] Error 1
[253.433s] gmake[1]: *** [CMakeFiles/Makefile2:237: CMakeFiles/wait_set_listener.dir/all] Error 2
[253.433s] [01m[Kc++:[m[K [01;31m[Kfatal error: [m[KKilled signal terminated program cc1plus
[253.433s] compilation terminated.
[253.433s] gmake[2]: *** [CMakeFiles/talker.dir/build.make:76: CMakeFiles/talker.dir/src/talker.cpp.o] Error 1
[253.433s] gmake[1]: *** [CMakeFiles/Makefile2:159: CMakeFiles/talker.dir/all] Error 2
[253.433s] [01m[Kc++:[m[K [01;31m[Kfatal error: [m[KKilled signal terminated program cc1plus
[253.434s] compilation terminated.
[253.434s] gmake[2]: *** [CMakeFiles/wait_set_random_order.dir/build.make:76: CMakeFiles/wait_set_random_order.dir/src/wait_set_random_order.cpp.o] Error 1
[253.434s] gmake[1]: *** [CMakeFiles/Makefile2:367: CMakeFiles/wait_set_random_order.dir/all] Error 2
[253.434s] [01m[Kc++:[m[K [01;31m[Kfatal error: [m[KKilled signal terminated program cc1plus
[253.434s] compilation terminated.
[253.434s] gmake[2]: *** [CMakeFiles/executor_random_order.dir/build.make:76: CMakeFiles/executor_random_order.dir/src/executor_random_order.cpp.o] Error 1
[253.434s] gmake[1]: *** [CMakeFiles/Makefile2:393: CMakeFiles/executor_random_order.dir/all] Error 2
[253.434s] [01m[Kc++:[m[K [01;31m[Kfatal error: [m[KKilled signal terminated program cc1plus
[253.434s] compilation terminated.
[253.434s] gmake[2]: *** [CMakeFiles/listener.dir/build.make:76: CMakeFiles/listener.dir/src/listener.cpp.o] Error 1
[253.434s] gmake[1]: *** [CMakeFiles/Makefile2:211: CMakeFiles/listener.dir/all] Error 2
[253.434s] gmake[2]: *** [CMakeFiles/wait_set_topics_with_different_rates.dir/build.make:76: CMakeFiles/wait_set_topics_with_different_rates.dir/src/wait_set_topics_with_different_rates.cpp.o] Interrupt
[253.435s] gmake[1]: *** [CMakeFiles/Makefile2:419: CMakeFiles/wait_set_topics_with_different_rates.dir/all] Interrupt
[253.435s] gmake: *** [Makefile:146: all] Interrupt
[253.532s] Invoked command in '/home/nhmgs/d2lros2/build/examples_rclcpp_wait_set' returned '-2': CMAKE_PREFIX_PATH=/opt/ros/humble /usr/bin/cmake --build /home/nhmgs/d2lros2/build/examples_rclcpp_wait_set -- -j12 -l12
