<?xml version="1.0" encoding="utf-8"?><testsuites><testsuite name="pytest" errors="0" failures="0" skipped="0" tests="3" time="0.379" timestamp="2024-06-02T16:02:12.001060" hostname="hp-jl8"><testcase classname="examples_rclpy_minimal_service.services.minimal_service.test.test_copyright" name="test_copyright" time="0.131" /><testcase classname="examples_rclpy_minimal_service.services.minimal_service.test.test_flake8" name="test_flake8" time="0.100" /><testcase classname="examples_rclpy_minimal_service.services.minimal_service.test.test_pep257" name="test_pep257" time="0.023" /></testsuite></testsuites>