[0.076s] Invoking command in '/home/nhmgs/d2lros2/chapt2/colcon_test_ws/build/examples_rclcpp_minimal_timer': CMAKE_PREFIX_PATH=/opt/ros/humble /usr/bin/cmake /home/nhmgs/d2lros2/chapt2/colcon_test_ws/src/examples/rclcpp/timers/minimal_timer -DCMAKE_INSTALL_PREFIX=/home/nhmgs/d2lros2/chapt2/colcon_test_ws/install/examples_rclcpp_minimal_timer
[6.598s] -- The C compiler identification is GNU 11.4.0
[6.598s] -- The CXX compiler identification is GNU 11.4.0
[6.598s] -- Detecting C compiler ABI info
[6.598s] -- Detecting C compiler ABI info - done
[6.598s] -- Check for working C compiler: /usr/bin/cc - skipped
[6.599s] -- Detecting C compile features
[6.599s] -- Detecting C compile features - done
[6.599s] -- Detecting CXX compiler ABI info
[6.599s] -- Detecting CXX compiler ABI info - done
[6.600s] -- Check for working CXX compiler: /usr/bin/c++ - skipped
[6.600s] -- Detecting CXX compile features
[6.601s] -- Detecting CXX compile features - done
[6.601s] -- Found ament_cmake: 1.3.9 (/opt/ros/humble/share/ament_cmake/cmake)
[6.601s] -- Found Python3: /usr/bin/python3 (found version "3.10.12") found components: Interpreter
[6.601s] -- Found rclcpp: 16.0.9 (/opt/ros/humble/share/rclcpp/cmake)
[6.602s] -- Found rosidl_generator_c: 3.1.5 (/opt/ros/humble/share/rosidl_generator_c/cmake)
[6.603s] -- Found rosidl_adapter: 3.1.5 (/opt/ros/humble/share/rosidl_adapter/cmake)
[6.605s] -- Found rosidl_generator_cpp: 3.1.5 (/opt/ros/humble/share/rosidl_generator_cpp/cmake)
[6.605s] -- Using all available rosidl_typesupport_c: rosidl_typesupport_fastrtps_c;rosidl_typesupport_introspection_c
[6.605s] -- Using all available rosidl_typesupport_cpp: rosidl_typesupport_fastrtps_cpp;rosidl_typesupport_introspection_cpp
[6.606s] -- Found rmw_implementation_cmake: 6.1.2 (/opt/ros/humble/share/rmw_implementation_cmake/cmake)
[6.606s] -- Found rmw_fastrtps_cpp: 6.2.6 (/opt/ros/humble/share/rmw_fastrtps_cpp/cmake)
[6.607s] -- Found OpenSSL: /usr/lib/x86_64-linux-gnu/libcrypto.so (found version "3.0.2")
[6.607s] -- Found FastRTPS: /opt/ros/humble/include
[6.608s] -- Using RMW implementation 'rmw_fastrtps_cpp' as default
[6.608s] -- Performing Test CMAKE_HAVE_LIBC_PTHREAD
[6.608s] -- Performing Test CMAKE_HAVE_LIBC_PTHREAD - Success
[6.608s] -- Found Threads: TRUE
[6.608s] -- Found ament_lint_auto: 0.12.11 (/opt/ros/humble/share/ament_lint_auto/cmake)
[6.608s] -- Added test 'copyright' to check source files copyright and LICENSE
[6.608s] -- Added test 'cppcheck' to perform static code analysis on C / C++ code
[6.608s] -- Configured cppcheck include dirs: 
[6.609s] -- Configured cppcheck exclude dirs and/or files: 
[6.609s] -- Added test 'cpplint' to check C / C++ code against the Google style
[6.609s] -- Configured cpplint exclude dirs and/or files: 
[6.610s] -- Added test 'lint_cmake' to check CMake code style
[6.611s] -- Added test 'uncrustify' to check C / C++ code style
[6.611s] -- Configured uncrustify additional arguments: 
[6.611s] -- Added test 'xmllint' to check XML markup files
[6.611s] -- Configuring done (6.4s)
[6.611s] -- Generating done (0.0s)
[6.612s] -- Build files have been written to: /home/nhmgs/d2lros2/chapt2/colcon_test_ws/build/examples_rclcpp_minimal_timer
[6.620s] Invoked command in '/home/nhmgs/d2lros2/chapt2/colcon_test_ws/build/examples_rclcpp_minimal_timer' returned '0': CMAKE_PREFIX_PATH=/opt/ros/humble /usr/bin/cmake /home/nhmgs/d2lros2/chapt2/colcon_test_ws/src/examples/rclcpp/timers/minimal_timer -DCMAKE_INSTALL_PREFIX=/home/nhmgs/d2lros2/chapt2/colcon_test_ws/install/examples_rclcpp_minimal_timer
[6.620s] Invoking command in '/home/nhmgs/d2lros2/chapt2/colcon_test_ws/build/examples_rclcpp_minimal_timer': CMAKE_PREFIX_PATH=/opt/ros/humble /usr/bin/cmake --build /home/nhmgs/d2lros2/chapt2/colcon_test_ws/build/examples_rclcpp_minimal_timer -- -j12 -l12
[7.271s] [ 25%] [32mBuilding CXX object CMakeFiles/timer_lambda.dir/lambda.cpp.o[0m
[7.271s] [ 50%] [32mBuilding CXX object CMakeFiles/timer_member_function.dir/member_function.cpp.o[0m
[276.347s] gmake[2]: *** [CMakeFiles/timer_member_function.dir/build.make:76: CMakeFiles/timer_member_function.dir/member_function.cpp.o] Interrupt
[276.350s] gmake[2]: *** [CMakeFiles/timer_lambda.dir/build.make:76: CMakeFiles/timer_lambda.dir/lambda.cpp.o] Interrupt
[276.350s] gmake[1]: *** [CMakeFiles/Makefile2:165: CMakeFiles/timer_member_function.dir/all] Interrupt
[276.350s] gmake: *** [Makefile:146: all] Interrupt
