[01m[Kc++:[m[K [01;31m[Kfatal error: [m[KKilled signal terminated program cc1plus
compilation terminated.
gmake[2]: *** [CMakeFiles/publisher_not_composable.dir/build.make:76: CMakeFiles/publisher_not_composable.dir/not_composable.cpp.o] Error 1
gmake[1]: *** [CMakeFiles/Makefile2:277: CMakeFiles/publisher_not_composable.dir/all] Error 2
gmake[1]: *** Waiting for unfinished jobs....
[01m[Kc++:[m[K [01;31m[Kfatal error: [m[KKilled signal terminated program cc1plus
compilation terminated.
gmake[2]: *** [CMakeFiles/publisher_member_function_with_unique_network_flow_endpoints.dir/build.make:76: CMakeFiles/publisher_member_function_with_unique_network_flow_endpoints.dir/member_function_with_unique_network_flow_endpoints.cpp.o] Error 1
gmake[1]: *** [CMakeFiles/Makefile2:225: CMakeFiles/publisher_member_function_with_unique_network_flow_endpoints.dir/all] Error 2
gmake[2]: *** [CMakeFiles/publisher_member_function.dir/build.make:76: CMakeFiles/publisher_member_function.dir/member_function.cpp.o] Interrupt
gmake[2]: *** [CMakeFiles/publisher_member_function_with_type_adapter.dir/build.make:76: CMakeFiles/publisher_member_function_with_type_adapter.dir/member_function_with_type_adapter.cpp.o] Interrupt
gmake[1]: *** [CMakeFiles/Makefile2:173: CMakeFiles/publisher_member_function.dir/all] Interrupt
gmake[2]: *** [CMakeFiles/publisher_lambda.dir/build.make:76: CMakeFiles/publisher_lambda.dir/lambda.cpp.o] Interrupt
gmake[2]: *** [CMakeFiles/publisher_wait_for_all_acked.dir/build.make:76: CMakeFiles/publisher_wait_for_all_acked.dir/member_function_with_wait_for_all_acked.cpp.o] Interrupt
gmake: *** [Makefile:146: all] Interrupt
