[0.088s] Invoking command in '/home/nhmgs/d2lros2/build/examples_rclcpp_minimal_publisher': CMAKE_PREFIX_PATH=/opt/ros/humble /usr/bin/cmake /home/nhmgs/d2lros2/chapt2/colcon_test_ws/src/examples/rclcpp/topics/minimal_publisher -DAMENT_CMAKE_SYMLINK_INSTALL=1 -DCMAKE_INSTALL_PREFIX=/home/nhmgs/d2lros2/install/examples_rclcpp_minimal_publisher
[0.309s] -- The C compiler identification is GNU 11.4.0
[0.792s] -- The CXX compiler identification is GNU 11.4.0
[1.076s] -- Detecting C compiler ABI info
[1.294s] -- Detecting C compiler ABI info - done
[1.325s] -- Check for working C compiler: /usr/bin/cc - skipped
[1.327s] -- Detecting C compile features
[1.328s] -- Detecting C compile features - done
[1.332s] -- Detecting CXX compiler ABI info
[1.605s] -- Detecting CXX compiler ABI info - done
[1.637s] -- Check for working CXX compiler: /usr/bin/c++ - skipped
[1.639s] -- Detecting CXX compile features
[1.640s] -- Detecting CXX compile features - done
[1.646s] -- Found ament_cmake: 1.3.9 (/opt/ros/humble/share/ament_cmake/cmake)
[2.024s] -- Found Python3: /usr/bin/python3 (found version "3.10.12") found components: Interpreter
[2.192s] -- Override CMake install command with custom implementation using symlinks instead of copying resources
[2.238s] -- Found rclcpp: 16.0.9 (/opt/ros/humble/share/rclcpp/cmake)
[2.491s] -- Found rosidl_generator_c: 3.1.5 (/opt/ros/humble/share/rosidl_generator_c/cmake)
[2.511s] -- Found rosidl_adapter: 3.1.5 (/opt/ros/humble/share/rosidl_adapter/cmake)
[2.542s] -- Found rosidl_generator_cpp: 3.1.5 (/opt/ros/humble/share/rosidl_generator_cpp/cmake)
[2.584s] -- Using all available rosidl_typesupport_c: rosidl_typesupport_fastrtps_c;rosidl_typesupport_introspection_c
[2.632s] -- Using all available rosidl_typesupport_cpp: rosidl_typesupport_fastrtps_cpp;rosidl_typesupport_introspection_cpp
[2.816s] -- Found rmw_implementation_cmake: 6.1.2 (/opt/ros/humble/share/rmw_implementation_cmake/cmake)
[2.825s] -- Found rmw_fastrtps_cpp: 6.2.6 (/opt/ros/humble/share/rmw_fastrtps_cpp/cmake)
[3.674s] -- Found OpenSSL: /usr/lib/x86_64-linux-gnu/libcrypto.so (found version "3.0.2")
[4.499s] -- Found FastRTPS: /opt/ros/humble/include
[6.115s] -- Using RMW implementation 'rmw_fastrtps_cpp' as default
[6.145s] -- Performing Test CMAKE_HAVE_LIBC_PTHREAD
[6.316s] -- Performing Test CMAKE_HAVE_LIBC_PTHREAD - Success
[6.319s] -- Found Threads: TRUE
[6.691s] -- Found ament_lint_auto: 0.12.11 (/opt/ros/humble/share/ament_lint_auto/cmake)
[6.875s] -- Added test 'copyright' to check source files copyright and LICENSE
[6.877s] -- Added test 'cppcheck' to perform static code analysis on C / C++ code
[6.877s] -- Configured cppcheck include dirs: 
[6.877s] -- Configured cppcheck exclude dirs and/or files: 
[6.879s] -- Added test 'cpplint' to check C / C++ code against the Google style
[6.879s] -- Configured cpplint exclude dirs and/or files: 
[6.881s] -- Added test 'lint_cmake' to check CMake code style
[6.886s] -- Added test 'uncrustify' to check C / C++ code style
[6.886s] -- Configured uncrustify additional arguments: 
[6.890s] -- Added test 'xmllint' to check XML markup files
[6.898s] -- Configuring done (6.8s)
[6.956s] -- Generating done (0.0s)
[6.959s] -- Build files have been written to: /home/nhmgs/d2lros2/build/examples_rclcpp_minimal_publisher
[7.000s] Invoked command in '/home/nhmgs/d2lros2/build/examples_rclcpp_minimal_publisher' returned '0': CMAKE_PREFIX_PATH=/opt/ros/humble /usr/bin/cmake /home/nhmgs/d2lros2/chapt2/colcon_test_ws/src/examples/rclcpp/topics/minimal_publisher -DAMENT_CMAKE_SYMLINK_INSTALL=1 -DCMAKE_INSTALL_PREFIX=/home/nhmgs/d2lros2/install/examples_rclcpp_minimal_publisher
[7.000s] Invoking command in '/home/nhmgs/d2lros2/build/examples_rclcpp_minimal_publisher': CMAKE_PREFIX_PATH=/opt/ros/humble /usr/bin/cmake --build /home/nhmgs/d2lros2/build/examples_rclcpp_minimal_publisher -- -j12 -l12
[7.854s] [  8%] [32mBuilding CXX object CMakeFiles/publisher_member_function.dir/member_function.cpp.o[0m
[7.856s] [ 16%] [32mBuilding CXX object CMakeFiles/publisher_lambda.dir/lambda.cpp.o[0m
[7.856s] [ 25%] [32mBuilding CXX object CMakeFiles/publisher_member_function_with_type_adapter.dir/member_function_with_type_adapter.cpp.o[0m
[7.856s] [ 33%] [32mBuilding CXX object CMakeFiles/publisher_member_function_with_unique_network_flow_endpoints.dir/member_function_with_unique_network_flow_endpoints.cpp.o[0m
[7.856s] [ 41%] [32mBuilding CXX object CMakeFiles/publisher_not_composable.dir/not_composable.cpp.o[0m
[7.856s] [ 50%] [32mBuilding CXX object CMakeFiles/publisher_wait_for_all_acked.dir/member_function_with_wait_for_all_acked.cpp.o[0m
[149.536s] [01m[Kc++:[m[K [01;31m[Kfatal error: [m[KKilled signal terminated program cc1plus
[149.544s] compilation terminated.
[149.547s] gmake[2]: *** [CMakeFiles/publisher_member_function_with_type_adapter.dir/build.make:76: CMakeFiles/publisher_member_function_with_type_adapter.dir/member_function_with_type_adapter.cpp.o] Error 1
[149.656s] gmake[1]: *** [CMakeFiles/Makefile2:199: CMakeFiles/publisher_member_function_with_type_adapter.dir/all] Error 2
[149.688s] gmake[1]: *** Waiting for unfinished jobs....
[253.279s] gmake[2]: *** [CMakeFiles/publisher_wait_for_all_acked.dir/build.make:76: CMakeFiles/publisher_wait_for_all_acked.dir/member_function_with_wait_for_all_acked.cpp.o] Interrupt
[253.392s] gmake[2]: *** [CMakeFiles/publisher_not_composable.dir/build.make:76: CMakeFiles/publisher_not_composable.dir/not_composable.cpp.o] Interrupt
[253.392s] gmake[2]: *** [CMakeFiles/publisher_lambda.dir/build.make:76: CMakeFiles/publisher_lambda.dir/lambda.cpp.o] Interrupt
[253.392s] gmake[2]: *** [CMakeFiles/publisher_member_function_with_unique_network_flow_endpoints.dir/build.make:76: CMakeFiles/publisher_member_function_with_unique_network_flow_endpoints.dir/member_function_with_unique_network_flow_endpoints.cpp.o] Interrupt
[253.392s] gmake[1]: *** [CMakeFiles/Makefile2:251: CMakeFiles/publisher_wait_for_all_acked.dir/all] Interrupt
[253.392s] gmake[2]: *** [CMakeFiles/publisher_member_function.dir/build.make:76: CMakeFiles/publisher_member_function.dir/member_function.cpp.o] Interrupt
[253.392s] gmake[1]: *** [CMakeFiles/Makefile2:147: CMakeFiles/publisher_lambda.dir/all] Interrupt
[253.394s] gmake[1]: *** [CMakeFiles/Makefile2:225: CMakeFiles/publisher_member_function_with_unique_network_flow_endpoints.dir/all] Interrupt
[253.394s] gmake[1]: *** [CMakeFiles/Makefile2:277: CMakeFiles/publisher_not_composable.dir/all] Interrupt
[253.394s] gmake[1]: *** [CMakeFiles/Makefile2:173: CMakeFiles/publisher_member_function.dir/all] Interrupt
[253.394s] gmake: *** [Makefile:146: all] Interrupt
[253.485s] Invoked command in '/home/nhmgs/d2lros2/build/examples_rclcpp_minimal_publisher' returned '-2': CMAKE_PREFIX_PATH=/opt/ros/humble /usr/bin/cmake --build /home/nhmgs/d2lros2/build/examples_rclcpp_minimal_publisher -- -j12 -l12
