[0.068s] Invoking command in '/home/nhmgs/d2lros2/build/examples_rclcpp_minimal_action_server': CMAKE_PREFIX_PATH=/opt/ros/humble /usr/bin/cmake /home/nhmgs/d2lros2/chapt2/colcon_test_ws/src/examples/rclcpp/actions/minimal_action_server -DAMENT_CMAKE_SYMLINK_INSTALL=1 -DCMAKE_INSTALL_PREFIX=/home/nhmgs/d2lros2/install/examples_rclcpp_minimal_action_server
[0.322s] -- The C compiler identification is GNU 11.4.0
[0.752s] -- The CXX compiler identification is GNU 11.4.0
[0.978s] -- Detecting C compiler ABI info
[1.146s] -- Detecting C compiler ABI info - done
[1.168s] -- Check for working C compiler: /usr/bin/cc - skipped
[1.170s] -- Detecting C compile features
[1.170s] -- Detecting C compile features - done
[1.180s] -- Detecting CXX compiler ABI info
[1.412s] -- Detecting CXX compiler ABI info - done
[1.441s] -- Check for working CXX compiler: /usr/bin/c++ - skipped
[1.442s] -- Detecting CXX compile features
[1.443s] -- Detecting CXX compile features - done
[1.452s] -- Found ament_cmake: 1.3.9 (/opt/ros/humble/share/ament_cmake/cmake)
[1.784s] -- Found Python3: /usr/bin/python3 (found version "3.10.12") found components: Interpreter
[1.984s] -- Override CMake install command with custom implementation using symlinks instead of copying resources
[2.157s] -- Found example_interfaces: 0.9.3 (/opt/ros/humble/share/example_interfaces/cmake)
[2.503s] -- Found rosidl_generator_c: 3.1.5 (/opt/ros/humble/share/rosidl_generator_c/cmake)
[2.522s] -- Found rosidl_adapter: 3.1.5 (/opt/ros/humble/share/rosidl_adapter/cmake)
[2.553s] -- Found rosidl_generator_cpp: 3.1.5 (/opt/ros/humble/share/rosidl_generator_cpp/cmake)
[2.592s] -- Using all available rosidl_typesupport_c: rosidl_typesupport_fastrtps_c;rosidl_typesupport_introspection_c
[2.641s] -- Using all available rosidl_typesupport_cpp: rosidl_typesupport_fastrtps_cpp;rosidl_typesupport_introspection_cpp
[2.980s] -- Found rclcpp: 16.0.9 (/opt/ros/humble/share/rclcpp/cmake)
[3.128s] -- Found rmw_implementation_cmake: 6.1.2 (/opt/ros/humble/share/rmw_implementation_cmake/cmake)
[3.133s] -- Found rmw_fastrtps_cpp: 6.2.6 (/opt/ros/humble/share/rmw_fastrtps_cpp/cmake)
[3.920s] -- Found OpenSSL: /usr/lib/x86_64-linux-gnu/libcrypto.so (found version "3.0.2")
[4.716s] -- Found FastRTPS: /opt/ros/humble/include
[6.132s] -- Using RMW implementation 'rmw_fastrtps_cpp' as default
[6.155s] -- Performing Test CMAKE_HAVE_LIBC_PTHREAD
[6.331s] -- Performing Test CMAKE_HAVE_LIBC_PTHREAD - Success
[6.332s] -- Found Threads: TRUE
[6.691s] -- Found rclcpp_action: 16.0.9 (/opt/ros/humble/share/rclcpp_action/cmake)
[6.790s] -- Found ament_lint_auto: 0.12.11 (/opt/ros/humble/share/ament_lint_auto/cmake)
[6.959s] -- Added test 'copyright' to check source files copyright and LICENSE
[6.961s] -- Added test 'cppcheck' to perform static code analysis on C / C++ code
[6.962s] -- Configured cppcheck include dirs: 
[6.962s] -- Configured cppcheck exclude dirs and/or files: 
[6.963s] -- Added test 'cpplint' to check C / C++ code against the Google style
[6.963s] -- Configured cpplint exclude dirs and/or files: 
[6.963s] -- Added test 'lint_cmake' to check CMake code style
[6.967s] -- Added test 'uncrustify' to check C / C++ code style
[6.968s] -- Configured uncrustify additional arguments: 
[6.968s] -- Added test 'xmllint' to check XML markup files
[6.970s] -- Configuring done (6.9s)
[7.012s] -- Generating done (0.0s)
[7.015s] -- Build files have been written to: /home/nhmgs/d2lros2/build/examples_rclcpp_minimal_action_server
[7.071s] Invoked command in '/home/nhmgs/d2lros2/build/examples_rclcpp_minimal_action_server' returned '0': CMAKE_PREFIX_PATH=/opt/ros/humble /usr/bin/cmake /home/nhmgs/d2lros2/chapt2/colcon_test_ws/src/examples/rclcpp/actions/minimal_action_server -DAMENT_CMAKE_SYMLINK_INSTALL=1 -DCMAKE_INSTALL_PREFIX=/home/nhmgs/d2lros2/install/examples_rclcpp_minimal_action_server
[7.072s] Invoking command in '/home/nhmgs/d2lros2/build/examples_rclcpp_minimal_action_server': CMAKE_PREFIX_PATH=/opt/ros/humble /usr/bin/cmake --build /home/nhmgs/d2lros2/build/examples_rclcpp_minimal_action_server -- -j12 -l12
[8.128s] [ 25%] [32mBuilding CXX object CMakeFiles/action_server_not_composable.dir/not_composable.cpp.o[0m
[8.128s] [ 50%] [32mBuilding CXX object CMakeFiles/action_server_member_functions.dir/member_functions.cpp.o[0m
[66.840s] [01m[Kc++:[m[K [01;31m[Kfatal error: [m[KKilled signal terminated program cc1plus
[66.866s] compilation terminated.
[66.870s] gmake[2]: *** [CMakeFiles/action_server_not_composable.dir/build.make:76: CMakeFiles/action_server_not_composable.dir/not_composable.cpp.o] Error 1
[66.973s] gmake[1]: *** [CMakeFiles/Makefile2:165: CMakeFiles/action_server_not_composable.dir/all] Error 2
[66.979s] gmake[1]: *** Waiting for unfinished jobs....
[253.382s] gmake[2]: *** [CMakeFiles/action_server_member_functions.dir/build.make:76: CMakeFiles/action_server_member_functions.dir/member_functions.cpp.o] Interrupt
[253.395s] gmake[1]: *** [CMakeFiles/Makefile2:139: CMakeFiles/action_server_member_functions.dir/all] Interrupt
[253.402s] gmake: *** [Makefile:146: all] Interrupt
[253.519s] Invoked command in '/home/nhmgs/d2lros2/build/examples_rclcpp_minimal_action_server' returned '-2': CMAKE_PREFIX_PATH=/opt/ros/humble /usr/bin/cmake --build /home/nhmgs/d2lros2/build/examples_rclcpp_minimal_action_server -- -j12 -l12
