[0.070s] Invoking command in '/home/nhmgs/d2lros2/chapt2/colcon_test_ws/build/examples_rclcpp_minimal_client': CMAKE_PREFIX_PATH=/opt/ros/humble /usr/bin/cmake /home/nhmgs/d2lros2/chapt2/colcon_test_ws/src/examples/rclcpp/services/minimal_client -DCMAKE_INSTALL_PREFIX=/home/nhmgs/d2lros2/chapt2/colcon_test_ws/install/examples_rclcpp_minimal_client
[0.249s] -- The C compiler identification is GNU 11.4.0
[0.695s] -- The CXX compiler identification is GNU 11.4.0
[1.016s] -- Detecting C compiler ABI info
[1.204s] -- Detecting C compiler ABI info - done
[1.232s] -- Check for working C compiler: /usr/bin/cc - skipped
[1.232s] -- Detecting C compile features
[1.233s] -- Detecting C compile features - done
[1.241s] -- Detecting CXX compiler ABI info
[1.485s] -- Detecting CXX compiler ABI info - done
[1.570s] -- Check for working CXX compiler: /usr/bin/c++ - skipped
[1.570s] -- Detecting CXX compile features
[1.570s] -- Detecting CXX compile features - done
[1.570s] -- Found ament_cmake: 1.3.9 (/opt/ros/humble/share/ament_cmake/cmake)
[1.860s] -- Found Python3: /usr/bin/python3 (found version "3.10.12") found components: Interpreter
[2.022s] -- Found example_interfaces: 0.9.3 (/opt/ros/humble/share/example_interfaces/cmake)
[2.193s] -- Found rosidl_generator_c: 3.1.5 (/opt/ros/humble/share/rosidl_generator_c/cmake)
[2.206s] -- Found rosidl_adapter: 3.1.5 (/opt/ros/humble/share/rosidl_adapter/cmake)
[2.234s] -- Found rosidl_generator_cpp: 3.1.5 (/opt/ros/humble/share/rosidl_generator_cpp/cmake)
[2.276s] -- Using all available rosidl_typesupport_c: rosidl_typesupport_fastrtps_c;rosidl_typesupport_introspection_c
[2.319s] -- Using all available rosidl_typesupport_cpp: rosidl_typesupport_fastrtps_cpp;rosidl_typesupport_introspection_cpp
[2.680s] -- Found rclcpp: 16.0.9 (/opt/ros/humble/share/rclcpp/cmake)
[2.825s] -- Found rmw_implementation_cmake: 6.1.2 (/opt/ros/humble/share/rmw_implementation_cmake/cmake)
[2.829s] -- Found rmw_fastrtps_cpp: 6.2.6 (/opt/ros/humble/share/rmw_fastrtps_cpp/cmake)
[3.612s] -- Found OpenSSL: /usr/lib/x86_64-linux-gnu/libcrypto.so (found version "3.0.2")
[4.540s] -- Found FastRTPS: /opt/ros/humble/include
[5.888s] -- Using RMW implementation 'rmw_fastrtps_cpp' as default
[5.905s] -- Performing Test CMAKE_HAVE_LIBC_PTHREAD
[6.083s] -- Performing Test CMAKE_HAVE_LIBC_PTHREAD - Success
[6.084s] -- Found Threads: TRUE
[6.404s] -- Found ament_lint_auto: 0.12.11 (/opt/ros/humble/share/ament_lint_auto/cmake)
[6.570s] -- Added test 'copyright' to check source files copyright and LICENSE
[6.571s] -- Added test 'cppcheck' to perform static code analysis on C / C++ code
[6.571s] -- Configured cppcheck include dirs: 
[6.571s] -- Configured cppcheck exclude dirs and/or files: 
[6.572s] -- Added test 'cpplint' to check C / C++ code against the Google style
[6.572s] -- Configured cpplint exclude dirs and/or files: 
[6.573s] -- Added test 'lint_cmake' to check CMake code style
[6.575s] -- Added test 'uncrustify' to check C / C++ code style
[6.575s] -- Configured uncrustify additional arguments: 
[6.576s] -- Added test 'xmllint' to check XML markup files
[6.577s] -- Configuring done (6.5s)
[6.609s] -- Generating done (0.0s)
[6.609s] -- Build files have been written to: /home/nhmgs/d2lros2/chapt2/colcon_test_ws/build/examples_rclcpp_minimal_client
[6.658s] Invoked command in '/home/nhmgs/d2lros2/chapt2/colcon_test_ws/build/examples_rclcpp_minimal_client' returned '0': CMAKE_PREFIX_PATH=/opt/ros/humble /usr/bin/cmake /home/nhmgs/d2lros2/chapt2/colcon_test_ws/src/examples/rclcpp/services/minimal_client -DCMAKE_INSTALL_PREFIX=/home/nhmgs/d2lros2/chapt2/colcon_test_ws/install/examples_rclcpp_minimal_client
[6.659s] Invoking command in '/home/nhmgs/d2lros2/chapt2/colcon_test_ws/build/examples_rclcpp_minimal_client': CMAKE_PREFIX_PATH=/opt/ros/humble /usr/bin/cmake --build /home/nhmgs/d2lros2/chapt2/colcon_test_ws/build/examples_rclcpp_minimal_client -- -j12 -l12
[7.392s] [ 50%] [32mBuilding CXX object CMakeFiles/client_main.dir/main.cpp.o[0m
[276.260s] gmake[2]: *** [CMakeFiles/client_main.dir/build.make:76: CMakeFiles/client_main.dir/main.cpp.o] Interrupt
[276.373s] gmake[1]: *** [CMakeFiles/Makefile2:137: CMakeFiles/client_main.dir/all] Interrupt
[276.373s] gmake: *** [Makefile:146: all] Interrupt
