[0.031s] Invoking command in '/home/nhmgs/d2lros2/chapt2/chapt2_ws/build/example_cpp': CMAKE_PREFIX_PATH=/opt/ros/humble /usr/bin/cmake --build /home/nhmgs/d2lros2/chapt2/chapt2_ws/build/example_cpp -- -j12 -l12
[0.069s] [ 50%] [32mBuilding CXX object CMakeFiles/node_01.dir/src/node_01.cpp.o[0m
[2.621s] [01m[K/home/nhmgs/d2lros2/chapt2/chapt2_ws/src/example_cpp/src/node_01.cpp:[m[K In function â€˜[01m[Kint main(int, char**)[m[Kâ€™:
[2.621s] [01m[K/home/nhmgs/d2lros2/chapt2/chapt2_ws/src/example_cpp/src/node_01.cpp:13:23:[m[K [01;31m[Kerror: [m[Kexpected â€˜[01m[K;[m[Kâ€™ before â€˜[01m[K:[m[Kâ€™ token
[2.621s]    13 |     rclcpp::spin(node)[01;31m[K:[m[K
[2.621s]       |                       [01;31m[K^[m[K
[2.621s]       |                       [32m[K;[m[K
[3.109s] gmake[2]: *** [CMakeFiles/node_01.dir/build.make:76: CMakeFiles/node_01.dir/src/node_01.cpp.o] Error 1
[3.109s] gmake[1]: *** [CMakeFiles/Makefile2:137: CMakeFiles/node_01.dir/all] Error 2
[3.109s] gmake: *** [Makefile:146: all] Error 2
[3.111s] Invoked command in '/home/nhmgs/d2lros2/chapt2/chapt2_ws/build/example_cpp' returned '2': CMAKE_PREFIX_PATH=/opt/ros/humble /usr/bin/cmake --build /home/nhmgs/d2lros2/chapt2/chapt2_ws/build/example_cpp -- -j12 -l12
