[0.074s] Invoking command in '/home/nhmgs/d2lros2/chapt2/colcon_test_ws/build/examples_rclcpp_minimal_subscriber': CMAKE_PREFIX_PATH=/opt/ros/humble /usr/bin/cmake /home/nhmgs/d2lros2/chapt2/colcon_test_ws/src/examples/rclcpp/topics/minimal_subscriber -DCMAKE_INSTALL_PREFIX=/home/nhmgs/d2lros2/chapt2/colcon_test_ws/install/examples_rclcpp_minimal_subscriber
[6.585s] -- The C compiler identification is GNU 11.4.0
[6.586s] -- The CXX compiler identification is GNU 11.4.0
[6.587s] -- Detecting C compiler ABI info
[6.587s] -- Detecting C compiler ABI info - done
[6.587s] -- Check for working C compiler: /usr/bin/cc - skipped
[6.587s] -- Detecting C compile features
[6.587s] -- Detecting C compile features - done
[6.587s] -- Detecting CXX compiler ABI info
[6.587s] -- Detecting CXX compiler ABI info - done
[6.587s] -- Check for working CXX compiler: /usr/bin/c++ - skipped
[6.587s] -- Detecting CXX compile features
[6.587s] -- Detecting CXX compile features - done
[6.587s] -- Found ament_cmake: 1.3.9 (/opt/ros/humble/share/ament_cmake/cmake)
[6.587s] -- Found Python3: /usr/bin/python3 (found version "3.10.12") found components: Interpreter
[6.588s] -- Found rclcpp: 16.0.9 (/opt/ros/humble/share/rclcpp/cmake)
[6.588s] -- Found rosidl_generator_c: 3.1.5 (/opt/ros/humble/share/rosidl_generator_c/cmake)
[6.588s] -- Found rosidl_adapter: 3.1.5 (/opt/ros/humble/share/rosidl_adapter/cmake)
[6.588s] -- Found rosidl_generator_cpp: 3.1.5 (/opt/ros/humble/share/rosidl_generator_cpp/cmake)
[6.588s] -- Using all available rosidl_typesupport_c: rosidl_typesupport_fastrtps_c;rosidl_typesupport_introspection_c
[6.588s] -- Using all available rosidl_typesupport_cpp: rosidl_typesupport_fastrtps_cpp;rosidl_typesupport_introspection_cpp
[6.588s] -- Found rmw_implementation_cmake: 6.1.2 (/opt/ros/humble/share/rmw_implementation_cmake/cmake)
[6.588s] -- Found rmw_fastrtps_cpp: 6.2.6 (/opt/ros/humble/share/rmw_fastrtps_cpp/cmake)
[6.588s] -- Found OpenSSL: /usr/lib/x86_64-linux-gnu/libcrypto.so (found version "3.0.2")
[6.588s] -- Found FastRTPS: /opt/ros/humble/include
[6.588s] -- Using RMW implementation 'rmw_fastrtps_cpp' as default
[6.588s] -- Performing Test CMAKE_HAVE_LIBC_PTHREAD
[6.588s] -- Performing Test CMAKE_HAVE_LIBC_PTHREAD - Success
[6.588s] -- Found Threads: TRUE
[6.589s] -- Found rclcpp_components: 16.0.9 (/opt/ros/humble/share/rclcpp_components/cmake)
[6.590s] -- Found ament_lint_auto: 0.12.11 (/opt/ros/humble/share/ament_lint_auto/cmake)
[6.836s] -- Added test 'copyright' to check source files copyright and LICENSE
[6.837s] -- Added test 'cppcheck' to perform static code analysis on C / C++ code
[6.838s] -- Configured cppcheck include dirs: 
[6.838s] -- Configured cppcheck exclude dirs and/or files: 
[6.841s] -- Added test 'cpplint' to check C / C++ code against the Google style
[6.841s] -- Configured cpplint exclude dirs and/or files: 
[6.842s] -- Added test 'lint_cmake' to check CMake code style
[6.844s] -- Added test 'uncrustify' to check C / C++ code style
[6.844s] -- Configured uncrustify additional arguments: 
[6.846s] -- Added test 'xmllint' to check XML markup files
[6.857s] -- Configuring done (6.8s)
[7.208s] -- Generating done (0.3s)
[7.224s] -- Build files have been written to: /home/nhmgs/d2lros2/chapt2/colcon_test_ws/build/examples_rclcpp_minimal_subscriber
[7.286s] Invoked command in '/home/nhmgs/d2lros2/chapt2/colcon_test_ws/build/examples_rclcpp_minimal_subscriber' returned '0': CMAKE_PREFIX_PATH=/opt/ros/humble /usr/bin/cmake /home/nhmgs/d2lros2/chapt2/colcon_test_ws/src/examples/rclcpp/topics/minimal_subscriber -DCMAKE_INSTALL_PREFIX=/home/nhmgs/d2lros2/chapt2/colcon_test_ws/install/examples_rclcpp_minimal_subscriber
[7.286s] Invoking command in '/home/nhmgs/d2lros2/chapt2/colcon_test_ws/build/examples_rclcpp_minimal_subscriber': CMAKE_PREFIX_PATH=/opt/ros/humble /usr/bin/cmake --build /home/nhmgs/d2lros2/chapt2/colcon_test_ws/build/examples_rclcpp_minimal_subscriber -- -j12 -l12
[11.146s] [  4%] [32mBuilding CXX object CMakeFiles/subscriber_member_function_with_topic_statistics.dir/member_function_with_topic_statistics.cpp.o[0m
[11.146s] [  8%] [32mBuilding CXX object CMakeFiles/subscriber_member_function_with_unique_network_flow_endpoints.dir/member_function_with_unique_network_flow_endpoints.cpp.o[0m
[11.146s] [ 12%] [32mBuilding CXX object CMakeFiles/subscriber_lambda.dir/lambda.cpp.o[0m
[11.146s] [ 16%] [32mBuilding CXX object CMakeFiles/subscriber_member_function.dir/member_function.cpp.o[0m
[11.146s] [ 20%] [32mBuilding CXX object CMakeFiles/subscriber_not_composable.dir/not_composable.cpp.o[0m
[11.146s] [ 25%] [32mBuilding CXX object CMakeFiles/subscriber_member_function_with_type_adapter.dir/member_function_with_type_adapter.cpp.o[0m
[11.146s] [ 29%] [32mBuilding CXX object CMakeFiles/subscriber_content_filtering.dir/content_filtering.cpp.o[0m
[11.146s] [ 33%] [32mBuilding CXX object CMakeFiles/wait_set_subscriber_library.dir/static_wait_set_subscriber.cpp.o[0m
[11.146s] [ 37%] [32mBuilding CXX object CMakeFiles/wait_set_subscriber.dir/rclcpp_components/node_main_wait_set_subscriber.cpp.o[0m
[11.146s] [ 41%] [32mBuilding CXX object CMakeFiles/wait_set_subscriber_library.dir/wait_set_subscriber.cpp.o[0m
[11.146s] [ 45%] [32mBuilding CXX object CMakeFiles/static_wait_set_subscriber.dir/rclcpp_components/node_main_static_wait_set_subscriber.cpp.o[0m
[11.147s] [ 50%] [32mBuilding CXX object CMakeFiles/time_triggered_wait_set_subscriber.dir/rclcpp_components/node_main_time_triggered_wait_set_subscriber.cpp.o[0m
[86.834s] [01m[Kc++:[m[K [01;31m[Kfatal error: [m[KKilled signal terminated program cc1plus
[86.838s] compilation terminated.
[86.838s] gmake[2]: *** [CMakeFiles/wait_set_subscriber_library.dir/build.make:76: CMakeFiles/wait_set_subscriber_library.dir/wait_set_subscriber.cpp.o] Error 1
[86.838s] gmake[2]: *** Waiting for unfinished jobs....
[96.302s] [01m[Kc++:[m[K [01;31m[Kfatal error: [m[KKilled signal terminated program cc1plus
[96.312s] compilation terminated.
[96.312s] gmake[2]: *** [CMakeFiles/wait_set_subscriber_library.dir/build.make:90: CMakeFiles/wait_set_subscriber_library.dir/static_wait_set_subscriber.cpp.o] Error 1
[96.313s] gmake[1]: *** [CMakeFiles/Makefile2:339: CMakeFiles/wait_set_subscriber_library.dir/all] Error 2
[96.313s] gmake[1]: *** Waiting for unfinished jobs....
[101.083s] [01m[Kc++:[m[K [01;31m[Kfatal error: [m[KKilled signal terminated program cc1plus
[101.092s] compilation terminated.
[101.201s] gmake[2]: *** [CMakeFiles/subscriber_member_function_with_type_adapter.dir/build.make:76: CMakeFiles/subscriber_member_function_with_type_adapter.dir/member_function_with_type_adapter.cpp.o] Error 1
[101.334s] gmake[1]: *** [CMakeFiles/Makefile2:235: CMakeFiles/subscriber_member_function_with_type_adapter.dir/all] Error 2
[176.293s] [01m[Kc++:[m[K [01;31m[Kfatal error: [m[KKilled signal terminated program cc1plus
[176.300s] compilation terminated.
[176.300s] gmake[2]: *** [CMakeFiles/subscriber_not_composable.dir/build.make:76: CMakeFiles/subscriber_not_composable.dir/not_composable.cpp.o] Error 1
[176.334s] gmake[1]: *** [CMakeFiles/Makefile2:287: CMakeFiles/subscriber_not_composable.dir/all] Error 2
[214.474s] [01m[Kc++:[m[K [01;31m[Kfatal error: [m[KKilled signal terminated program cc1plus
[214.478s] compilation terminated.
[214.555s] gmake[2]: *** [CMakeFiles/subscriber_member_function_with_topic_statistics.dir/build.make:76: CMakeFiles/subscriber_member_function_with_topic_statistics.dir/member_function_with_topic_statistics.cpp.o] Error 1
[214.603s] gmake[1]: *** [CMakeFiles/Makefile2:209: CMakeFiles/subscriber_member_function_with_topic_statistics.dir/all] Error 2
[275.488s] [01m[Kc++:[m[K [01;31m[Kfatal error: [m[KKilled signal terminated program cc1plus
[275.502s] compilation terminated.
[275.516s] gmake[2]: *** [CMakeFiles/wait_set_subscriber.dir/build.make:76: CMakeFiles/wait_set_subscriber.dir/rclcpp_components/node_main_wait_set_subscriber.cpp.o] Error 1
[275.554s] gmake[1]: *** [CMakeFiles/Makefile2:365: CMakeFiles/wait_set_subscriber.dir/all] Error 2
[275.978s] gmake[2]: *** [CMakeFiles/subscriber_content_filtering.dir/build.make:76: CMakeFiles/subscriber_content_filtering.dir/content_filtering.cpp.o] Interrupt
[276.324s] gmake[1]: *** [CMakeFiles/Makefile2:313: CMakeFiles/subscriber_content_filtering.dir/all] Interrupt
[276.355s] gmake[2]: *** [CMakeFiles/static_wait_set_subscriber.dir/build.make:76: CMakeFiles/static_wait_set_subscriber.dir/rclcpp_components/node_main_static_wait_set_subscriber.cpp.o] Interrupt
[276.355s] gmake[2]: *** [CMakeFiles/time_triggered_wait_set_subscriber.dir/build.make:76: CMakeFiles/time_triggered_wait_set_subscriber.dir/rclcpp_components/node_main_time_triggered_wait_set_subscriber.cpp.o] Interrupt
[276.355s] gmake[2]: *** [CMakeFiles/subscriber_lambda.dir/build.make:76: CMakeFiles/subscriber_lambda.dir/lambda.cpp.o] Interrupt
[276.355s] gmake[2]: *** [CMakeFiles/subscriber_member_function_with_unique_network_flow_endpoints.dir/build.make:76: CMakeFiles/subscriber_member_function_with_unique_network_flow_endpoints.dir/member_function_with_unique_network_flow_endpoints.cpp.o] Interrupt
[276.355s] gmake: *** [Makefile:146: all] Interrupt
[276.356s] gmake[2]: *** [CMakeFiles/subscriber_member_function.dir/build.make:76: CMakeFiles/subscriber_member_function.dir/member_function.cpp.o] Interrupt
