[0.080s] Invoking command in '/home/nhmgs/d2lros2/build/examples_rclcpp_multithreaded_executor': CMAKE_PREFIX_PATH=/opt/ros/humble /usr/bin/cmake /home/nhmgs/d2lros2/chapt2/colcon_test_ws/src/examples/rclcpp/executors/multithreaded_executor -DAMENT_CMAKE_SYMLINK_INSTALL=1 -DCMAKE_INSTALL_PREFIX=/home/nhmgs/d2lros2/install/examples_rclcpp_multithreaded_executor
[7.016s] -- The C compiler identification is GNU 11.4.0
[7.016s] -- The CXX compiler identification is GNU 11.4.0
[7.017s] -- Detecting C compiler ABI info
[7.017s] -- Detecting C compiler ABI info - done
[7.017s] -- Check for working C compiler: /usr/bin/cc - skipped
[7.017s] -- Detecting C compile features
[7.017s] -- Detecting C compile features - done
[7.017s] -- Detecting CXX compiler ABI info
[7.017s] -- Detecting CXX compiler ABI info - done
[7.017s] -- Check for working CXX compiler: /usr/bin/c++ - skipped
[7.018s] -- Detecting CXX compile features
[7.018s] -- Detecting CXX compile features - done
[7.018s] -- Found ament_cmake: 1.3.9 (/opt/ros/humble/share/ament_cmake/cmake)
[7.018s] -- Found Python3: /usr/bin/python3 (found version "3.10.12") found components: Interpreter
[7.018s] -- Override CMake install command with custom implementation using symlinks instead of copying resources
[7.018s] -- Found rclcpp: 16.0.9 (/opt/ros/humble/share/rclcpp/cmake)
[7.018s] -- Found rosidl_generator_c: 3.1.5 (/opt/ros/humble/share/rosidl_generator_c/cmake)
[7.018s] -- Found rosidl_adapter: 3.1.5 (/opt/ros/humble/share/rosidl_adapter/cmake)
[7.018s] -- Found rosidl_generator_cpp: 3.1.5 (/opt/ros/humble/share/rosidl_generator_cpp/cmake)
[7.018s] -- Using all available rosidl_typesupport_c: rosidl_typesupport_fastrtps_c;rosidl_typesupport_introspection_c
[7.018s] -- Using all available rosidl_typesupport_cpp: rosidl_typesupport_fastrtps_cpp;rosidl_typesupport_introspection_cpp
[7.019s] -- Found rmw_implementation_cmake: 6.1.2 (/opt/ros/humble/share/rmw_implementation_cmake/cmake)
[7.019s] -- Found rmw_fastrtps_cpp: 6.2.6 (/opt/ros/humble/share/rmw_fastrtps_cpp/cmake)
[7.019s] -- Found OpenSSL: /usr/lib/x86_64-linux-gnu/libcrypto.so (found version "3.0.2")
[7.019s] -- Found FastRTPS: /opt/ros/humble/include
[7.019s] -- Using RMW implementation 'rmw_fastrtps_cpp' as default
[7.019s] -- Performing Test CMAKE_HAVE_LIBC_PTHREAD
[7.019s] -- Performing Test CMAKE_HAVE_LIBC_PTHREAD - Success
[7.019s] -- Found Threads: TRUE
[7.021s] -- Found ament_lint_auto: 0.12.11 (/opt/ros/humble/share/ament_lint_auto/cmake)
[7.024s] -- Added test 'copyright' to check source files copyright and LICENSE
[7.027s] -- Added test 'cppcheck' to perform static code analysis on C / C++ code
[7.027s] -- Configured cppcheck include dirs: 
[7.027s] -- Configured cppcheck exclude dirs and/or files: 
[7.027s] -- Added test 'cpplint' to check C / C++ code against the Google style
[7.029s] -- Configured cpplint exclude dirs and/or files: 
[7.029s] -- Added test 'lint_cmake' to check CMake code style
[7.029s] -- Added test 'uncrustify' to check C / C++ code style
[7.029s] -- Configured uncrustify additional arguments: 
[7.029s] -- Added test 'xmllint' to check XML markup files
[7.029s] -- Configuring done (6.8s)
[7.029s] -- Generating done (0.0s)
[7.029s] -- Build files have been written to: /home/nhmgs/d2lros2/build/examples_rclcpp_multithreaded_executor
[7.034s] Invoked command in '/home/nhmgs/d2lros2/build/examples_rclcpp_multithreaded_executor' returned '0': CMAKE_PREFIX_PATH=/opt/ros/humble /usr/bin/cmake /home/nhmgs/d2lros2/chapt2/colcon_test_ws/src/examples/rclcpp/executors/multithreaded_executor -DAMENT_CMAKE_SYMLINK_INSTALL=1 -DCMAKE_INSTALL_PREFIX=/home/nhmgs/d2lros2/install/examples_rclcpp_multithreaded_executor
[7.035s] Invoking command in '/home/nhmgs/d2lros2/build/examples_rclcpp_multithreaded_executor': CMAKE_PREFIX_PATH=/opt/ros/humble /usr/bin/cmake --build /home/nhmgs/d2lros2/build/examples_rclcpp_multithreaded_executor -- -j12 -l12
[7.876s] [ 50%] [32mBuilding CXX object CMakeFiles/multithreaded_executor.dir/multithreaded_executor.cpp.o[0m
[253.178s] gmake[2]: *** [CMakeFiles/multithreaded_executor.dir/build.make:76: CMakeFiles/multithreaded_executor.dir/multithreaded_executor.cpp.o] Interrupt
[253.373s] gmake[1]: *** [CMakeFiles/Makefile2:137: CMakeFiles/multithreaded_executor.dir/all] Interrupt
[253.374s] gmake: *** [Makefile:146: all] Interrupt
[253.480s] Invoked command in '/home/nhmgs/d2lros2/build/examples_rclcpp_multithreaded_executor' returned '-2': CMAKE_PREFIX_PATH=/opt/ros/humble /usr/bin/cmake --build /home/nhmgs/d2lros2/build/examples_rclcpp_multithreaded_executor -- -j12 -l12
