[0.077s] Invoking command in '/home/nhmgs/d2lros2/chapt2/colcon_test_ws/build/examples_rclcpp_minimal_service': CMAKE_PREFIX_PATH=/opt/ros/humble /usr/bin/cmake /home/nhmgs/d2lros2/chapt2/colcon_test_ws/src/examples/rclcpp/services/minimal_service -DCMAKE_INSTALL_PREFIX=/home/nhmgs/d2lros2/chapt2/colcon_test_ws/install/examples_rclcpp_minimal_service
[0.241s] -- The C compiler identification is GNU 11.4.0
[0.651s] -- The CXX compiler identification is GNU 11.4.0
[0.937s] -- Detecting C compiler ABI info
[1.090s] -- Detecting C compiler ABI info - done
[1.122s] -- Check for working C compiler: /usr/bin/cc - skipped
[1.122s] -- Detecting C compile features
[1.123s] -- Detecting C compile features - done
[1.128s] -- Detecting CXX compiler ABI info
[1.340s] -- Detecting CXX compiler ABI info - done
[1.377s] -- Check for working CXX compiler: /usr/bin/c++ - skipped
[1.377s] -- Detecting CXX compile features
[1.380s] -- Detecting CXX compile features - done
[1.384s] -- Found ament_cmake: 1.3.9 (/opt/ros/humble/share/ament_cmake/cmake)
[1.680s] -- Found Python3: /usr/bin/python3 (found version "3.10.12") found components: Interpreter
[1.978s] -- Found example_interfaces: 0.9.3 (/opt/ros/humble/share/example_interfaces/cmake)
[2.184s] -- Found rosidl_generator_c: 3.1.5 (/opt/ros/humble/share/rosidl_generator_c/cmake)
[2.198s] -- Found rosidl_adapter: 3.1.5 (/opt/ros/humble/share/rosidl_adapter/cmake)
[2.223s] -- Found rosidl_generator_cpp: 3.1.5 (/opt/ros/humble/share/rosidl_generator_cpp/cmake)
[2.264s] -- Using all available rosidl_typesupport_c: rosidl_typesupport_fastrtps_c;rosidl_typesupport_introspection_c
[2.317s] -- Using all available rosidl_typesupport_cpp: rosidl_typesupport_fastrtps_cpp;rosidl_typesupport_introspection_cpp
[2.667s] -- Found rclcpp: 16.0.9 (/opt/ros/humble/share/rclcpp/cmake)
[2.814s] -- Found rmw_implementation_cmake: 6.1.2 (/opt/ros/humble/share/rmw_implementation_cmake/cmake)
[2.819s] -- Found rmw_fastrtps_cpp: 6.2.6 (/opt/ros/humble/share/rmw_fastrtps_cpp/cmake)
[3.725s] -- Found OpenSSL: /usr/lib/x86_64-linux-gnu/libcrypto.so (found version "3.0.2")
[5.027s] -- Found FastRTPS: /opt/ros/humble/include
[7.031s] -- Using RMW implementation 'rmw_fastrtps_cpp' as default
[7.070s] -- Performing Test CMAKE_HAVE_LIBC_PTHREAD
[7.727s] -- Performing Test CMAKE_HAVE_LIBC_PTHREAD - Success
[7.730s] -- Found Threads: TRUE
[9.029s] -- Found ament_lint_auto: 0.12.11 (/opt/ros/humble/share/ament_lint_auto/cmake)
[9.777s] -- Added test 'copyright' to check source files copyright and LICENSE
[9.780s] -- Added test 'cppcheck' to perform static code analysis on C / C++ code
[9.781s] -- Configured cppcheck include dirs: 
[9.781s] -- Configured cppcheck exclude dirs and/or files: 
[9.784s] -- Added test 'cpplint' to check C / C++ code against the Google style
[9.785s] -- Configured cpplint exclude dirs and/or files: 
[9.810s] -- Added test 'lint_cmake' to check CMake code style
[9.829s] -- Added test 'uncrustify' to check C / C++ code style
[9.829s] -- Configured uncrustify additional arguments: 
[9.858s] -- Added test 'xmllint' to check XML markup files
[9.879s] -- Configuring done (9.8s)
[10.044s] -- Generating done (0.1s)
[10.061s] -- Build files have been written to: /home/nhmgs/d2lros2/chapt2/colcon_test_ws/build/examples_rclcpp_minimal_service
[10.188s] Invoked command in '/home/nhmgs/d2lros2/chapt2/colcon_test_ws/build/examples_rclcpp_minimal_service' returned '0': CMAKE_PREFIX_PATH=/opt/ros/humble /usr/bin/cmake /home/nhmgs/d2lros2/chapt2/colcon_test_ws/src/examples/rclcpp/services/minimal_service -DCMAKE_INSTALL_PREFIX=/home/nhmgs/d2lros2/chapt2/colcon_test_ws/install/examples_rclcpp_minimal_service
[10.189s] Invoking command in '/home/nhmgs/d2lros2/chapt2/colcon_test_ws/build/examples_rclcpp_minimal_service': CMAKE_PREFIX_PATH=/opt/ros/humble /usr/bin/cmake --build /home/nhmgs/d2lros2/chapt2/colcon_test_ws/build/examples_rclcpp_minimal_service -- -j12 -l12
[86.751s] [ 50%] [32mBuilding CXX object CMakeFiles/service_main.dir/main.cpp.o[0m
[276.232s] gmake[2]: *** [CMakeFiles/service_main.dir/build.make:76: CMakeFiles/service_main.dir/main.cpp.o] Interrupt
[276.362s] gmake[1]: *** [CMakeFiles/Makefile2:137: CMakeFiles/service_main.dir/all] Interrupt
[276.362s] gmake: *** [Makefile:146: all] Interrupt
