[0.061s] Invoking command in '/home/nhmgs/d2lros2/chapt2/colcon_test_ws/build/examples_rclcpp_cbg_executor': CMAKE_PREFIX_PATH=/opt/ros/humble /usr/bin/cmake /home/nhmgs/d2lros2/chapt2/colcon_test_ws/src/examples/rclcpp/executors/cbg_executor -DCMAKE_INSTALL_PREFIX=/home/nhmgs/d2lros2/chapt2/colcon_test_ws/install/examples_rclcpp_cbg_executor
[0.261s] -- The C compiler identification is GNU 11.4.0
[0.649s] -- The CXX compiler identification is GNU 11.4.0
[0.961s] -- Detecting C compiler ABI info
[1.139s] -- Detecting C compiler ABI info - done
[1.156s] -- Check for working C compiler: /usr/bin/cc - skipped
[1.156s] -- Detecting C compile features
[1.157s] -- Detecting C compile features - done
[1.170s] -- Detecting CXX compiler ABI info
[1.399s] -- Detecting CXX compiler ABI info - done
[1.418s] -- Check for working CXX compiler: /usr/bin/c++ - skipped
[1.418s] -- Detecting CXX compile features
[1.419s] -- Detecting CXX compile features - done
[1.423s] -- Found ament_cmake: 1.3.9 (/opt/ros/humble/share/ament_cmake/cmake)
[1.745s] -- Found Python3: /usr/bin/python3 (found version "3.10.12") found components: Interpreter
[1.997s] -- Found rclcpp: 16.0.9 (/opt/ros/humble/share/rclcpp/cmake)
[2.209s] -- Found rosidl_generator_c: 3.1.5 (/opt/ros/humble/share/rosidl_generator_c/cmake)
[2.220s] -- Found rosidl_adapter: 3.1.5 (/opt/ros/humble/share/rosidl_adapter/cmake)
[2.243s] -- Found rosidl_generator_cpp: 3.1.5 (/opt/ros/humble/share/rosidl_generator_cpp/cmake)
[2.286s] -- Using all available rosidl_typesupport_c: rosidl_typesupport_fastrtps_c;rosidl_typesupport_introspection_c
[2.335s] -- Using all available rosidl_typesupport_cpp: rosidl_typesupport_fastrtps_cpp;rosidl_typesupport_introspection_cpp
[2.546s] -- Found rmw_implementation_cmake: 6.1.2 (/opt/ros/humble/share/rmw_implementation_cmake/cmake)
[2.552s] -- Found rmw_fastrtps_cpp: 6.2.6 (/opt/ros/humble/share/rmw_fastrtps_cpp/cmake)
[3.379s] -- Found OpenSSL: /usr/lib/x86_64-linux-gnu/libcrypto.so (found version "3.0.2")
[4.134s] -- Found FastRTPS: /opt/ros/humble/include
[5.809s] -- Using RMW implementation 'rmw_fastrtps_cpp' as default
[5.826s] -- Performing Test CMAKE_HAVE_LIBC_PTHREAD
[5.979s] -- Performing Test CMAKE_HAVE_LIBC_PTHREAD - Success
[5.982s] -- Found Threads: TRUE
[6.341s] -- Found ament_lint_auto: 0.12.11 (/opt/ros/humble/share/ament_lint_auto/cmake)
[6.525s] -- Added test 'copyright' to check source files copyright and LICENSE
[6.532s] -- Added test 'cppcheck' to perform static code analysis on C / C++ code
[6.533s] -- Configured cppcheck include dirs: /home/nhmgs/d2lros2/chapt2/colcon_test_ws/src/examples/rclcpp/executors/cbg_executor/include
[6.534s] -- Configured cppcheck exclude dirs and/or files: 
[6.534s] -- Added test 'cpplint' to check C / C++ code against the Google style
[6.535s] -- Configured cpplint exclude dirs and/or files: 
[6.538s] -- Added test 'lint_cmake' to check CMake code style
[6.541s] -- Added test 'uncrustify' to check C / C++ code style
[6.541s] -- Configured uncrustify additional arguments: 
[6.543s] -- Added test 'xmllint' to check XML markup files
[6.552s] -- Configuring done (6.5s)
[6.582s] -- Generating done (0.0s)
[6.587s] -- Build files have been written to: /home/nhmgs/d2lros2/chapt2/colcon_test_ws/build/examples_rclcpp_cbg_executor
[6.619s] Invoked command in '/home/nhmgs/d2lros2/chapt2/colcon_test_ws/build/examples_rclcpp_cbg_executor' returned '0': CMAKE_PREFIX_PATH=/opt/ros/humble /usr/bin/cmake /home/nhmgs/d2lros2/chapt2/colcon_test_ws/src/examples/rclcpp/executors/cbg_executor -DCMAKE_INSTALL_PREFIX=/home/nhmgs/d2lros2/chapt2/colcon_test_ws/install/examples_rclcpp_cbg_executor
[6.619s] Invoking command in '/home/nhmgs/d2lros2/chapt2/colcon_test_ws/build/examples_rclcpp_cbg_executor': CMAKE_PREFIX_PATH=/opt/ros/humble /usr/bin/cmake --build /home/nhmgs/d2lros2/chapt2/colcon_test_ws/build/examples_rclcpp_cbg_executor -- -j12 -l12
[6.686s] [ 20%] [32mBuilding CXX object CMakeFiles/ping_pong.dir/src/ping_pong.cpp.o[0m
[6.686s] [ 20%] [32mBuilding CXX object CMakeFiles/ping.dir/src/ping.cpp.o[0m
[6.686s] [ 30%] [32mBuilding CXX object CMakeFiles/ping.dir/src/examples_rclcpp_cbg_executor/ping_node.cpp.o[0m
[6.686s] [ 40%] [32mBuilding CXX object CMakeFiles/pong.dir/src/pong.cpp.o[0m
[6.686s] [ 50%] [32mBuilding CXX object CMakeFiles/ping_pong.dir/src/examples_rclcpp_cbg_executor/ping_node.cpp.o[0m
[6.686s] [ 60%] [32mBuilding CXX object CMakeFiles/ping_pong.dir/src/examples_rclcpp_cbg_executor/pong_node.cpp.o[0m
[6.688s] [ 70%] [32mBuilding CXX object CMakeFiles/pong.dir/src/examples_rclcpp_cbg_executor/pong_node.cpp.o[0m
[60.772s] [01m[Kc++:[m[K [01;31m[Kfatal error: [m[KKilled signal terminated program cc1plus
[60.790s] compilation terminated.
[60.790s] gmake[2]: *** [CMakeFiles/ping_pong.dir/build.make:104: CMakeFiles/ping_pong.dir/src/examples_rclcpp_cbg_executor/pong_node.cpp.o] Error 1
[60.799s] gmake[2]: *** Waiting for unfinished jobs....
[65.471s] [01m[Kc++:[m[K [01;31m[Kfatal error: [m[KKilled signal terminated program cc1plus
[65.473s] compilation terminated.
[65.484s] gmake[2]: *** [CMakeFiles/ping_pong.dir/build.make:76: CMakeFiles/ping_pong.dir/src/ping_pong.cpp.o] Error 1
[276.322s] gmake[2]: *** [CMakeFiles/ping.dir/build.make:90: CMakeFiles/ping.dir/src/examples_rclcpp_cbg_executor/ping_node.cpp.o] Interrupt
[276.376s] gmake[1]: *** [CMakeFiles/Makefile2:141: CMakeFiles/ping.dir/all] Interrupt
[276.376s] gmake[2]: *** [CMakeFiles/pong.dir/build.make:76: CMakeFiles/pong.dir/src/pong.cpp.o] Interrupt
[276.377s] gmake[2]: *** [CMakeFiles/ping_pong.dir/build.make:90: CMakeFiles/ping_pong.dir/src/examples_rclcpp_cbg_executor/ping_node.cpp.o] Interrupt
[276.377s] gmake: *** [Makefile:146: all] Interrupt
