[0.067s] Invoking command in '/home/nhmgs/d2lros2/chapt2/colcon_test_ws/build/examples_rclcpp_async_client': CMAKE_PREFIX_PATH=/opt/ros/humble /usr/bin/cmake /home/nhmgs/d2lros2/chapt2/colcon_test_ws/src/examples/rclcpp/services/async_client -DCMAKE_INSTALL_PREFIX=/home/nhmgs/d2lros2/chapt2/colcon_test_ws/install/examples_rclcpp_async_client
[0.287s] -- The C compiler identification is GNU 11.4.0
[0.776s] -- The CXX compiler identification is GNU 11.4.0
[1.151s] -- Detecting C compiler ABI info
[1.347s] -- Detecting C compiler ABI info - done
[1.372s] -- Check for working C compiler: /usr/bin/cc - skipped
[1.372s] -- Detecting C compile features
[1.372s] -- Detecting C compile features - done
[1.382s] -- Detecting CXX compiler ABI info
[1.625s] -- Detecting CXX compiler ABI info - done
[1.672s] -- Check for working CXX compiler: /usr/bin/c++ - skipped
[1.681s] -- Detecting CXX compile features
[1.682s] -- Detecting CXX compile features - done
[1.682s] -- Found ament_cmake: 1.3.9 (/opt/ros/humble/share/ament_cmake/cmake)
[2.007s] -- Found Python3: /usr/bin/python3 (found version "3.10.12") found components: Interpreter
[2.147s] -- Found example_interfaces: 0.9.3 (/opt/ros/humble/share/example_interfaces/cmake)
[2.375s] -- Found rosidl_generator_c: 3.1.5 (/opt/ros/humble/share/rosidl_generator_c/cmake)
[2.383s] -- Found rosidl_adapter: 3.1.5 (/opt/ros/humble/share/rosidl_adapter/cmake)
[2.416s] -- Found rosidl_generator_cpp: 3.1.5 (/opt/ros/humble/share/rosidl_generator_cpp/cmake)
[2.460s] -- Using all available rosidl_typesupport_c: rosidl_typesupport_fastrtps_c;rosidl_typesupport_introspection_c
[2.500s] -- Using all available rosidl_typesupport_cpp: rosidl_typesupport_fastrtps_cpp;rosidl_typesupport_introspection_cpp
[2.855s] -- Found rclcpp: 16.0.9 (/opt/ros/humble/share/rclcpp/cmake)
[2.960s] -- Found rmw_implementation_cmake: 6.1.2 (/opt/ros/humble/share/rmw_implementation_cmake/cmake)
[2.963s] -- Found rmw_fastrtps_cpp: 6.2.6 (/opt/ros/humble/share/rmw_fastrtps_cpp/cmake)
[4.080s] -- Found OpenSSL: /usr/lib/x86_64-linux-gnu/libcrypto.so (found version "3.0.2")
[5.196s] -- Found FastRTPS: /opt/ros/humble/include
[7.972s] -- Using RMW implementation 'rmw_fastrtps_cpp' as default
[8.044s] -- Performing Test CMAKE_HAVE_LIBC_PTHREAD
[8.900s] -- Performing Test CMAKE_HAVE_LIBC_PTHREAD - Success
[8.900s] -- Found Threads: TRUE
[10.104s] -- Found ament_lint_auto: 0.12.11 (/opt/ros/humble/share/ament_lint_auto/cmake)
[10.872s] -- Added test 'copyright' to check source files copyright and LICENSE
[10.874s] -- Added test 'cppcheck' to perform static code analysis on C / C++ code
[10.874s] -- Configured cppcheck include dirs: 
[10.875s] -- Configured cppcheck exclude dirs and/or files: 
[10.875s] -- Added test 'cpplint' to check C / C++ code against the Google style
[10.875s] -- Configured cpplint exclude dirs and/or files: 
[10.876s] -- Added test 'lint_cmake' to check CMake code style
[10.877s] -- Added test 'uncrustify' to check C / C++ code style
[10.877s] -- Configured uncrustify additional arguments: 
[10.910s] -- Added test 'xmllint' to check XML markup files
[10.913s] -- Configuring done (10.8s)
[11.004s] -- Generating done (0.0s)
[11.030s] -- Build files have been written to: /home/nhmgs/d2lros2/chapt2/colcon_test_ws/build/examples_rclcpp_async_client
[11.200s] Invoked command in '/home/nhmgs/d2lros2/chapt2/colcon_test_ws/build/examples_rclcpp_async_client' returned '0': CMAKE_PREFIX_PATH=/opt/ros/humble /usr/bin/cmake /home/nhmgs/d2lros2/chapt2/colcon_test_ws/src/examples/rclcpp/services/async_client -DCMAKE_INSTALL_PREFIX=/home/nhmgs/d2lros2/chapt2/colcon_test_ws/install/examples_rclcpp_async_client
[11.201s] Invoking command in '/home/nhmgs/d2lros2/chapt2/colcon_test_ws/build/examples_rclcpp_async_client': CMAKE_PREFIX_PATH=/opt/ros/humble /usr/bin/cmake --build /home/nhmgs/d2lros2/chapt2/colcon_test_ws/build/examples_rclcpp_async_client -- -j12 -l12
[276.521s] [ 50%] [32mBuilding CXX object CMakeFiles/client_main.dir/main.cpp.o[0m
[276.537s] [01m[Kc++:[m[K [01;31m[Kfatal error: [m[KKilled signal terminated program cc1plus
[276.537s] compilation terminated.
[276.537s] gmake[2]: *** [CMakeFiles/client_main.dir/build.make:76: CMakeFiles/client_main.dir/main.cpp.o] Error 1
[276.537s] gmake[1]: *** [CMakeFiles/Makefile2:137: CMakeFiles/client_main.dir/all] Error 2
[276.538s] gmake: *** [Makefile:146: all] Error 2
