[0.082s] Invoking command in '/home/nhmgs/d2lros2/build/examples_rclcpp_minimal_timer': CMAKE_PREFIX_PATH=/opt/ros/humble /usr/bin/cmake /home/nhmgs/d2lros2/chapt2/colcon_test_ws/src/examples/rclcpp/timers/minimal_timer -DAMENT_CMAKE_SYMLINK_INSTALL=1 -DCMAKE_INSTALL_PREFIX=/home/nhmgs/d2lros2/install/examples_rclcpp_minimal_timer
[6.979s] -- The C compiler identification is GNU 11.4.0
[6.980s] -- The CXX compiler identification is GNU 11.4.0
[6.980s] -- Detecting C compiler ABI info
[6.980s] -- Detecting C compiler ABI info - done
[6.980s] -- Check for working C compiler: /usr/bin/cc - skipped
[6.980s] -- Detecting C compile features
[6.980s] -- Detecting C compile features - done
[6.981s] -- Detecting CXX compiler ABI info
[6.982s] -- Detecting CXX compiler ABI info - done
[6.982s] -- Check for working CXX compiler: /usr/bin/c++ - skipped
[6.982s] -- Detecting CXX compile features
[6.982s] -- Detecting CXX compile features - done
[6.982s] -- Found ament_cmake: 1.3.9 (/opt/ros/humble/share/ament_cmake/cmake)
[6.982s] -- Found Python3: /usr/bin/python3 (found version "3.10.12") found components: Interpreter
[6.982s] -- Override CMake install command with custom implementation using symlinks instead of copying resources
[6.982s] -- Found rclcpp: 16.0.9 (/opt/ros/humble/share/rclcpp/cmake)
[6.982s] -- Found rosidl_generator_c: 3.1.5 (/opt/ros/humble/share/rosidl_generator_c/cmake)
[6.982s] -- Found rosidl_adapter: 3.1.5 (/opt/ros/humble/share/rosidl_adapter/cmake)
[6.982s] -- Found rosidl_generator_cpp: 3.1.5 (/opt/ros/humble/share/rosidl_generator_cpp/cmake)
[6.982s] -- Using all available rosidl_typesupport_c: rosidl_typesupport_fastrtps_c;rosidl_typesupport_introspection_c
[6.982s] -- Using all available rosidl_typesupport_cpp: rosidl_typesupport_fastrtps_cpp;rosidl_typesupport_introspection_cpp
[6.982s] -- Found rmw_implementation_cmake: 6.1.2 (/opt/ros/humble/share/rmw_implementation_cmake/cmake)
[6.982s] -- Found rmw_fastrtps_cpp: 6.2.6 (/opt/ros/humble/share/rmw_fastrtps_cpp/cmake)
[6.983s] -- Found OpenSSL: /usr/lib/x86_64-linux-gnu/libcrypto.so (found version "3.0.2")
[6.983s] -- Found FastRTPS: /opt/ros/humble/include
[6.983s] -- Using RMW implementation 'rmw_fastrtps_cpp' as default
[6.983s] -- Performing Test CMAKE_HAVE_LIBC_PTHREAD
[6.983s] -- Performing Test CMAKE_HAVE_LIBC_PTHREAD - Success
[6.983s] -- Found Threads: TRUE
[7.429s] -- Found ament_lint_auto: 0.12.11 (/opt/ros/humble/share/ament_lint_auto/cmake)
[7.740s] -- Added test 'copyright' to check source files copyright and LICENSE
[7.744s] -- Added test 'cppcheck' to perform static code analysis on C / C++ code
[7.745s] -- Configured cppcheck include dirs: 
[7.745s] -- Configured cppcheck exclude dirs and/or files: 
[7.745s] -- Added test 'cpplint' to check C / C++ code against the Google style
[7.745s] -- Configured cpplint exclude dirs and/or files: 
[7.751s] -- Added test 'lint_cmake' to check CMake code style
[7.751s] -- Added test 'uncrustify' to check C / C++ code style
[7.751s] -- Configured uncrustify additional arguments: 
[7.751s] -- Added test 'xmllint' to check XML markup files
[7.755s] -- Configuring done (7.7s)
[7.794s] -- Generating done (0.0s)
[7.802s] -- Build files have been written to: /home/nhmgs/d2lros2/build/examples_rclcpp_minimal_timer
[7.842s] Invoked command in '/home/nhmgs/d2lros2/build/examples_rclcpp_minimal_timer' returned '0': CMAKE_PREFIX_PATH=/opt/ros/humble /usr/bin/cmake /home/nhmgs/d2lros2/chapt2/colcon_test_ws/src/examples/rclcpp/timers/minimal_timer -DAMENT_CMAKE_SYMLINK_INSTALL=1 -DCMAKE_INSTALL_PREFIX=/home/nhmgs/d2lros2/install/examples_rclcpp_minimal_timer
[7.844s] Invoking command in '/home/nhmgs/d2lros2/build/examples_rclcpp_minimal_timer': CMAKE_PREFIX_PATH=/opt/ros/humble /usr/bin/cmake --build /home/nhmgs/d2lros2/build/examples_rclcpp_minimal_timer -- -j12 -l12
[8.284s] [ 25%] [32mBuilding CXX object CMakeFiles/timer_member_function.dir/member_function.cpp.o[0m
[8.285s] [ 50%] [32mBuilding CXX object CMakeFiles/timer_lambda.dir/lambda.cpp.o[0m
[253.309s] gmake[2]: *** [CMakeFiles/timer_member_function.dir/build.make:76: CMakeFiles/timer_member_function.dir/member_function.cpp.o] Interrupt
[253.335s] gmake[2]: *** [CMakeFiles/timer_lambda.dir/build.make:76: CMakeFiles/timer_lambda.dir/lambda.cpp.o] Interrupt
[253.338s] gmake[1]: *** [CMakeFiles/Makefile2:139: CMakeFiles/timer_lambda.dir/all] Interrupt
[253.338s] gmake[1]: *** [CMakeFiles/Makefile2:165: CMakeFiles/timer_member_function.dir/all] Interrupt
[253.338s] gmake: *** [Makefile:146: all] Interrupt
[253.502s] Invoked command in '/home/nhmgs/d2lros2/build/examples_rclcpp_minimal_timer' returned '-2': CMAKE_PREFIX_PATH=/opt/ros/humble /usr/bin/cmake --build /home/nhmgs/d2lros2/build/examples_rclcpp_minimal_timer -- -j12 -l12
