[ 50%] [32mBuilding CXX object CMakeFiles/node_01.dir/src/node_01.cpp.o[0m
[01m[K/home/nhmgs/d2lros2/chapt2/chapt2_ws/src/example_cpp/src/node_01.cpp:[m[K In function â€˜[01m[Kint main(int, char**)[m[Kâ€™:
[01m[K/home/nhmgs/d2lros2/chapt2/chapt2_ws/src/example_cpp/src/node_01.cpp:13:13:[m[K [01;31m[Kerror: [m[Kâ€˜[01m[Ksoin[m[Kâ€™ is not a member of â€˜[01m[Krclcpp[m[Kâ€™; did you mean â€˜[01m[Kspin[m[Kâ€™?
   13 |     rclcpp::[01;31m[Ksoin[m[K(node):
      |             [01;31m[K^~~~[m[K
      |             [32m[Kspin[m[K
gmake[2]: *** [CMakeFiles/node_01.dir/build.make:76: CMakeFiles/node_01.dir/src/node_01.cpp.o] Error 1
gmake[1]: *** [CMakeFiles/Makefile2:137: CMakeFiles/node_01.dir/all] Error 2
gmake: *** [Makefile:146: all] Error 2
