[0.016s] Invoking command in '/home/nhmgs/d2lros2/chapt2/chapt2_ws/build/example_cpp': CMAKE_PREFIX_PATH=/opt/ros/humble /usr/bin/cmake --build /home/nhmgs/d2lros2/chapt2/chapt2_ws/build/example_cpp -- -j12 -l12
[0.055s] [ 50%] [32mBuilding CXX object CMakeFiles/node_01.dir/src/node_01.cpp.o[0m
[2.608s] [01m[K/home/nhmgs/d2lros2/chapt2/chapt2_ws/src/example_cpp/src/node_01.cpp:[m[K In function â€˜[01m[Kint main(int, char**)[m[Kâ€™:
[2.609s] [01m[K/home/nhmgs/d2lros2/chapt2/chapt2_ws/src/example_cpp/src/node_01.cpp:13:13:[m[K [01;31m[Kerror: [m[Kâ€˜[01m[Ksoin[m[Kâ€™ is not a member of â€˜[01m[Krclcpp[m[Kâ€™; did you mean â€˜[01m[Kspin[m[Kâ€™?
[2.609s]    13 |     rclcpp::[01;31m[Ksoin[m[K(node):
[2.609s]       |             [01;31m[K^~~~[m[K
[2.609s]       |             [32m[Kspin[m[K
[3.107s] gmake[2]: *** [CMakeFiles/node_01.dir/build.make:76: CMakeFiles/node_01.dir/src/node_01.cpp.o] Error 1
[3.109s] gmake[1]: *** [CMakeFiles/Makefile2:137: CMakeFiles/node_01.dir/all] Error 2
[3.109s] gmake: *** [Makefile:146: all] Error 2
[3.109s] Invoked command in '/home/nhmgs/d2lros2/chapt2/chapt2_ws/build/example_cpp' returned '2': CMAKE_PREFIX_PATH=/opt/ros/humble /usr/bin/cmake --build /home/nhmgs/d2lros2/chapt2/chapt2_ws/build/example_cpp -- -j12 -l12
