[0.073s] Invoking command in '/home/nhmgs/d2lros2/chapt2/colcon_test_ws/build/examples_rclcpp_multithreaded_executor': CMAKE_PREFIX_PATH=/opt/ros/humble /usr/bin/cmake /home/nhmgs/d2lros2/chapt2/colcon_test_ws/src/examples/rclcpp/executors/multithreaded_executor -DCMAKE_INSTALL_PREFIX=/home/nhmgs/d2lros2/chapt2/colcon_test_ws/install/examples_rclcpp_multithreaded_executor
[6.604s] -- The C compiler identification is GNU 11.4.0
[6.604s] -- The CXX compiler identification is GNU 11.4.0
[6.604s] -- Detecting C compiler ABI info
[6.604s] -- Detecting C compiler ABI info - done
[6.604s] -- Check for working C compiler: /usr/bin/cc - skipped
[6.605s] -- Detecting C compile features
[6.605s] -- Detecting C compile features - done
[6.608s] -- Detecting CXX compiler ABI info
[6.609s] -- Detecting CXX compiler ABI info - done
[6.609s] -- Check for working CXX compiler: /usr/bin/c++ - skipped
[6.609s] -- Detecting CXX compile features
[6.609s] -- Detecting CXX compile features - done
[6.609s] -- Found ament_cmake: 1.3.9 (/opt/ros/humble/share/ament_cmake/cmake)
[6.609s] -- Found Python3: /usr/bin/python3 (found version "3.10.12") found components: Interpreter
[6.609s] -- Found rclcpp: 16.0.9 (/opt/ros/humble/share/rclcpp/cmake)
[6.610s] -- Found rosidl_generator_c: 3.1.5 (/opt/ros/humble/share/rosidl_generator_c/cmake)
[6.610s] -- Found rosidl_adapter: 3.1.5 (/opt/ros/humble/share/rosidl_adapter/cmake)
[6.610s] -- Found rosidl_generator_cpp: 3.1.5 (/opt/ros/humble/share/rosidl_generator_cpp/cmake)
[6.610s] -- Using all available rosidl_typesupport_c: rosidl_typesupport_fastrtps_c;rosidl_typesupport_introspection_c
[6.610s] -- Using all available rosidl_typesupport_cpp: rosidl_typesupport_fastrtps_cpp;rosidl_typesupport_introspection_cpp
[6.610s] -- Found rmw_implementation_cmake: 6.1.2 (/opt/ros/humble/share/rmw_implementation_cmake/cmake)
[6.610s] -- Found rmw_fastrtps_cpp: 6.2.6 (/opt/ros/humble/share/rmw_fastrtps_cpp/cmake)
[6.610s] -- Found OpenSSL: /usr/lib/x86_64-linux-gnu/libcrypto.so (found version "3.0.2")
[6.610s] -- Found FastRTPS: /opt/ros/humble/include
[6.610s] -- Using RMW implementation 'rmw_fastrtps_cpp' as default
[6.611s] -- Performing Test CMAKE_HAVE_LIBC_PTHREAD
[6.611s] -- Performing Test CMAKE_HAVE_LIBC_PTHREAD - Success
[6.611s] -- Found Threads: TRUE
[6.611s] -- Found ament_lint_auto: 0.12.11 (/opt/ros/humble/share/ament_lint_auto/cmake)
[6.611s] -- Added test 'copyright' to check source files copyright and LICENSE
[6.611s] -- Added test 'cppcheck' to perform static code analysis on C / C++ code
[6.611s] -- Configured cppcheck include dirs: 
[6.611s] -- Configured cppcheck exclude dirs and/or files: 
[6.611s] -- Added test 'cpplint' to check C / C++ code against the Google style
[6.611s] -- Configured cpplint exclude dirs and/or files: 
[6.611s] -- Added test 'lint_cmake' to check CMake code style
[6.611s] -- Added test 'uncrustify' to check C / C++ code style
[6.611s] -- Configured uncrustify additional arguments: 
[6.611s] -- Added test 'xmllint' to check XML markup files
[6.611s] -- Configuring done (6.5s)
[6.613s] -- Generating done (0.0s)
[6.613s] -- Build files have been written to: /home/nhmgs/d2lros2/chapt2/colcon_test_ws/build/examples_rclcpp_multithreaded_executor
[6.645s] Invoked command in '/home/nhmgs/d2lros2/chapt2/colcon_test_ws/build/examples_rclcpp_multithreaded_executor' returned '0': CMAKE_PREFIX_PATH=/opt/ros/humble /usr/bin/cmake /home/nhmgs/d2lros2/chapt2/colcon_test_ws/src/examples/rclcpp/executors/multithreaded_executor -DCMAKE_INSTALL_PREFIX=/home/nhmgs/d2lros2/chapt2/colcon_test_ws/install/examples_rclcpp_multithreaded_executor
[6.646s] Invoking command in '/home/nhmgs/d2lros2/chapt2/colcon_test_ws/build/examples_rclcpp_multithreaded_executor': CMAKE_PREFIX_PATH=/opt/ros/humble /usr/bin/cmake --build /home/nhmgs/d2lros2/chapt2/colcon_test_ws/build/examples_rclcpp_multithreaded_executor -- -j12 -l12
[10.157s] [ 50%] [32mBuilding CXX object CMakeFiles/multithreaded_executor.dir/multithreaded_executor.cpp.o[0m
[71.865s] [01m[Kc++:[m[K [01;31m[Kfatal error: [m[KKilled signal terminated program cc1plus
[71.871s] compilation terminated.
[71.872s] gmake[2]: *** [CMakeFiles/multithreaded_executor.dir/build.make:76: CMakeFiles/multithreaded_executor.dir/multithreaded_executor.cpp.o] Error 1
[71.949s] gmake[1]: *** [CMakeFiles/Makefile2:137: CMakeFiles/multithreaded_executor.dir/all] Error 2
[72.044s] gmake: *** [Makefile:146: all] Error 2
[86.863s] Invoked command in '/home/nhmgs/d2lros2/chapt2/colcon_test_ws/build/examples_rclcpp_multithreaded_executor' returned '2': CMAKE_PREFIX_PATH=/opt/ros/humble /usr/bin/cmake --build /home/nhmgs/d2lros2/chapt2/colcon_test_ws/build/examples_rclcpp_multithreaded_executor -- -j12 -l12
