[0.066s] Invoking command in '/home/nhmgs/d2lros2/build/examples_rclcpp_async_client': CMAKE_PREFIX_PATH=/opt/ros/humble /usr/bin/cmake /home/nhmgs/d2lros2/chapt2/colcon_test_ws/src/examples/rclcpp/services/async_client -DAMENT_CMAKE_SYMLINK_INSTALL=1 -DCMAKE_INSTALL_PREFIX=/home/nhmgs/d2lros2/install/examples_rclcpp_async_client
[0.335s] -- The C compiler identification is GNU 11.4.0
[0.785s] -- The CXX compiler identification is GNU 11.4.0
[1.114s] -- Detecting C compiler ABI info
[1.318s] -- Detecting C compiler ABI info - done
[1.344s] -- Check for working C compiler: /usr/bin/cc - skipped
[1.344s] -- Detecting C compile features
[1.345s] -- Detecting C compile features - done
[1.352s] -- Detecting CXX compiler ABI info
[1.576s] -- Detecting CXX compiler ABI info - done
[1.643s] -- Check for working CXX compiler: /usr/bin/c++ - skipped
[1.645s] -- Detecting CXX compile features
[1.645s] -- Detecting CXX compile features - done
[1.650s] -- Found ament_cmake: 1.3.9 (/opt/ros/humble/share/ament_cmake/cmake)
[1.966s] -- Found Python3: /usr/bin/python3 (found version "3.10.12") found components: Interpreter
[2.161s] -- Override CMake install command with custom implementation using symlinks instead of copying resources
[2.191s] -- Found example_interfaces: 0.9.3 (/opt/ros/humble/share/example_interfaces/cmake)
[2.514s] -- Found rosidl_generator_c: 3.1.5 (/opt/ros/humble/share/rosidl_generator_c/cmake)
[2.536s] -- Found rosidl_adapter: 3.1.5 (/opt/ros/humble/share/rosidl_adapter/cmake)
[2.568s] -- Found rosidl_generator_cpp: 3.1.5 (/opt/ros/humble/share/rosidl_generator_cpp/cmake)
[2.610s] -- Using all available rosidl_typesupport_c: rosidl_typesupport_fastrtps_c;rosidl_typesupport_introspection_c
[2.660s] -- Using all available rosidl_typesupport_cpp: rosidl_typesupport_fastrtps_cpp;rosidl_typesupport_introspection_cpp
[2.987s] -- Found rclcpp: 16.0.9 (/opt/ros/humble/share/rclcpp/cmake)
[3.138s] -- Found rmw_implementation_cmake: 6.1.2 (/opt/ros/humble/share/rmw_implementation_cmake/cmake)
[3.141s] -- Found rmw_fastrtps_cpp: 6.2.6 (/opt/ros/humble/share/rmw_fastrtps_cpp/cmake)
[3.971s] -- Found OpenSSL: /usr/lib/x86_64-linux-gnu/libcrypto.so (found version "3.0.2")
[5.071s] -- Found FastRTPS: /opt/ros/humble/include
[6.903s] -- Using RMW implementation 'rmw_fastrtps_cpp' as default
[6.924s] -- Performing Test CMAKE_HAVE_LIBC_PTHREAD
[7.300s] -- Performing Test CMAKE_HAVE_LIBC_PTHREAD - Success
[7.300s] -- Found Threads: TRUE
[7.852s] -- Found ament_lint_auto: 0.12.11 (/opt/ros/humble/share/ament_lint_auto/cmake)
[8.063s] -- Added test 'copyright' to check source files copyright and LICENSE
[8.065s] -- Added test 'cppcheck' to perform static code analysis on C / C++ code
[8.066s] -- Configured cppcheck include dirs: 
[8.066s] -- Configured cppcheck exclude dirs and/or files: 
[8.067s] -- Added test 'cpplint' to check C / C++ code against the Google style
[8.068s] -- Configured cpplint exclude dirs and/or files: 
[8.071s] -- Added test 'lint_cmake' to check CMake code style
[8.073s] -- Added test 'uncrustify' to check C / C++ code style
[8.074s] -- Configured uncrustify additional arguments: 
[8.076s] -- Added test 'xmllint' to check XML markup files
[8.081s] -- Configuring done (8.0s)
[8.105s] -- Generating done (0.0s)
[8.110s] -- Build files have been written to: /home/nhmgs/d2lros2/build/examples_rclcpp_async_client
[8.148s] Invoked command in '/home/nhmgs/d2lros2/build/examples_rclcpp_async_client' returned '0': CMAKE_PREFIX_PATH=/opt/ros/humble /usr/bin/cmake /home/nhmgs/d2lros2/chapt2/colcon_test_ws/src/examples/rclcpp/services/async_client -DAMENT_CMAKE_SYMLINK_INSTALL=1 -DCMAKE_INSTALL_PREFIX=/home/nhmgs/d2lros2/install/examples_rclcpp_async_client
[8.150s] Invoking command in '/home/nhmgs/d2lros2/build/examples_rclcpp_async_client': CMAKE_PREFIX_PATH=/opt/ros/humble /usr/bin/cmake --build /home/nhmgs/d2lros2/build/examples_rclcpp_async_client -- -j12 -l12
[10.484s] [ 50%] [32mBuilding CXX object CMakeFiles/client_main.dir/main.cpp.o[0m
[253.382s] gmake[2]: *** [CMakeFiles/client_main.dir/build.make:76: CMakeFiles/client_main.dir/main.cpp.o] Interrupt
[253.382s] gmake[1]: *** [CMakeFiles/Makefile2:137: CMakeFiles/client_main.dir/all] Interrupt
[253.382s] gmake: *** [Makefile:146: all] Interrupt
[253.552s] Invoked command in '/home/nhmgs/d2lros2/build/examples_rclcpp_async_client' returned '-2': CMAKE_PREFIX_PATH=/opt/ros/humble /usr/bin/cmake --build /home/nhmgs/d2lros2/build/examples_rclcpp_async_client -- -j12 -l12
