[0.015s] Invoking command in '/home/nhmgs/d2lros2/chapt2/chapt2_ws/build/example_cpp': CMAKE_PREFIX_PATH=/opt/ros/humble /usr/bin/cmake /home/nhmgs/d2lros2/chapt2/chapt2_ws/src/example_cpp -DCMAKE_INSTALL_PREFIX=/home/nhmgs/d2lros2/chapt2/chapt2_ws/install/example_cpp
[0.204s] -- The C compiler identification is GNU 11.4.0
[0.576s] -- The CXX compiler identification is GNU 11.4.0
[0.864s] -- Detecting C compiler ABI info
[1.000s] -- Detecting C compiler ABI info - done
[1.019s] -- Check for working C compiler: /usr/bin/cc - skipped
[1.019s] -- Detecting C compile features
[1.019s] -- Detecting C compile features - done
[1.025s] -- Detecting CXX compiler ABI info
[1.144s] -- Detecting CXX compiler ABI info - done
[1.161s] -- Check for working CXX compiler: /usr/bin/c++ - skipped
[1.161s] -- Detecting CXX compile features
[1.162s] -- Detecting CXX compile features - done
[1.169s] -- Found ament_cmake: 1.3.9 (/opt/ros/humble/share/ament_cmake/cmake)
[1.322s] -- Found Python3: /usr/bin/python3 (found version "3.10.12") found components: Interpreter
[1.463s] -- Found rclcpp: 16.0.9 (/opt/ros/humble/share/rclcpp/cmake)
[1.626s] -- Found rosidl_generator_c: 3.1.5 (/opt/ros/humble/share/rosidl_generator_c/cmake)
[1.636s] -- Found rosidl_adapter: 3.1.5 (/opt/ros/humble/share/rosidl_adapter/cmake)
[1.664s] -- Found rosidl_generator_cpp: 3.1.5 (/opt/ros/humble/share/rosidl_generator_cpp/cmake)
[1.705s] -- Using all available rosidl_typesupport_c: rosidl_typesupport_fastrtps_c;rosidl_typesupport_introspection_c
[1.739s] -- Using all available rosidl_typesupport_cpp: rosidl_typesupport_fastrtps_cpp;rosidl_typesupport_introspection_cpp
[1.890s] -- Found rmw_implementation_cmake: 6.1.2 (/opt/ros/humble/share/rmw_implementation_cmake/cmake)
[1.905s] -- Found rmw_fastrtps_cpp: 6.2.6 (/opt/ros/humble/share/rmw_fastrtps_cpp/cmake)
[2.470s] -- Found OpenSSL: /usr/lib/x86_64-linux-gnu/libcrypto.so (found version "3.0.2")
[2.950s] -- Found FastRTPS: /opt/ros/humble/include
[4.121s] -- Using RMW implementation 'rmw_fastrtps_cpp' as default
[4.199s] -- Performing Test CMAKE_HAVE_LIBC_PTHREAD
[4.363s] -- Performing Test CMAKE_HAVE_LIBC_PTHREAD - Success
[4.364s] -- Found Threads: TRUE
[4.629s] -- Found ament_lint_auto: 0.12.11 (/opt/ros/humble/share/ament_lint_auto/cmake)
[4.765s] -- Added test 'cppcheck' to perform static code analysis on C / C++ code
[4.765s] -- Configured cppcheck include dirs: 
[4.765s] -- Configured cppcheck exclude dirs and/or files: 
[4.766s] -- Added test 'lint_cmake' to check CMake code style
[4.770s] -- Added test 'uncrustify' to check C / C++ code style
[4.770s] -- Configured uncrustify additional arguments: 
[4.772s] -- Added test 'xmllint' to check XML markup files
[4.781s] -- Configuring done (4.8s)
[4.810s] -- Generating done (0.0s)
[4.812s] -- Build files have been written to: /home/nhmgs/d2lros2/chapt2/chapt2_ws/build/example_cpp
[4.829s] Invoked command in '/home/nhmgs/d2lros2/chapt2/chapt2_ws/build/example_cpp' returned '0': CMAKE_PREFIX_PATH=/opt/ros/humble /usr/bin/cmake /home/nhmgs/d2lros2/chapt2/chapt2_ws/src/example_cpp -DCMAKE_INSTALL_PREFIX=/home/nhmgs/d2lros2/chapt2/chapt2_ws/install/example_cpp
[4.833s] Invoking command in '/home/nhmgs/d2lros2/chapt2/chapt2_ws/build/example_cpp': CMAKE_PREFIX_PATH=/opt/ros/humble /usr/bin/cmake --build /home/nhmgs/d2lros2/chapt2/chapt2_ws/build/example_cpp -- -j12 -l12
[4.863s] [ 50%] [32mBuilding CXX object CMakeFiles/node_01.dir/src/node_01.cpp.o[0m
[7.760s] [01m[K/home/nhmgs/d2lros2/chapt2/chapt2_ws/src/example_cpp/src/node_01.cpp:[m[K In function â€˜[01m[Kint main(int, char**)[m[Kâ€™:
[7.761s] [01m[K/home/nhmgs/d2lros2/chapt2/chapt2_ws/src/example_cpp/src/node_01.cpp:13:11:[m[K [01;31m[Kerror: [m[Kexpected primary-expression before â€˜[01m[K;[m[Kâ€™ token
[7.761s]    13 |     rclcpp[01;31m[K;[m[K;soin(node):
[7.761s]       |           [01;31m[K^[m[K
[7.763s] [01m[K/home/nhmgs/d2lros2/chapt2/chapt2_ws/src/example_cpp/src/node_01.cpp:13:13:[m[K [01;31m[Kerror: [m[Kâ€˜[01m[Ksoin[m[Kâ€™ was not declared in this scope; did you mean â€˜[01m[Ksin[m[Kâ€™?
[7.763s]    13 |     rclcpp;;[01;31m[Ksoin[m[K(node):
[7.763s]       |             [01;31m[K^~~~[m[K
[7.763s]       |             [32m[Ksin[m[K
[7.764s] [01m[K/home/nhmgs/d2lros2/chapt2/chapt2_ws/src/example_cpp/src/node_01.cpp:15:13:[m[K [01;31m[Kerror: [m[Kâ€˜[01m[Kshutdown[m[Kâ€™ was not declared in this scope; did you mean â€˜[01m[Krclcpp::shutdown[m[Kâ€™?
[7.764s]    15 |     rclcpp;;[01;31m[Kshutdown[m[K();
[7.764s]       |             [01;31m[K^~~~~~~~[m[K
[7.764s]       |             [32m[Krclcpp::shutdown[m[K
[7.764s] In file included from [01m[K/opt/ros/humble/include/rclcpp/rclcpp/logging.hpp:25[m[K,
[7.764s]                  from [01m[K/opt/ros/humble/include/rclcpp/rclcpp/client.hpp:40[m[K,
[7.764s]                  from [01m[K/opt/ros/humble/include/rclcpp/rclcpp/callback_group.hpp:24[m[K,
[7.764s]                  from [01m[K/opt/ros/humble/include/rclcpp/rclcpp/any_executable.hpp:20[m[K,
[7.764s]                  from [01m[K/opt/ros/humble/include/rclcpp/rclcpp/memory_strategy.hpp:25[m[K,
[7.764s]                  from [01m[K/opt/ros/humble/include/rclcpp/rclcpp/memory_strategies.hpp:18[m[K,
[7.764s]                  from [01m[K/opt/ros/humble/include/rclcpp/rclcpp/executor_options.hpp:20[m[K,
[7.764s]                  from [01m[K/opt/ros/humble/include/rclcpp/rclcpp/executor.hpp:37[m[K,
[7.764s]                  from [01m[K/opt/ros/humble/include/rclcpp/rclcpp/executors/multi_threaded_executor.hpp:25[m[K,
[7.764s]                  from [01m[K/opt/ros/humble/include/rclcpp/rclcpp/executors.hpp:21[m[K,
[7.764s]                  from [01m[K/opt/ros/humble/include/rclcpp/rclcpp/rclcpp.hpp:155[m[K,
[7.764s]                  from [01m[K/home/nhmgs/d2lros2/chapt2/chapt2_ws/src/example_cpp/src/node_01.cpp:1[m[K:
[7.764s] [01m[K/opt/ros/humble/include/rclcpp/rclcpp/utilities.hpp:194:1:[m[K [01;36m[Knote: [m[Kâ€˜[01m[Krclcpp::shutdown[m[Kâ€™ declared here
[7.764s]   194 | [01;36m[Kshutdown[m[K(
[7.764s]       | [01;36m[K^~~~~~~~[m[K
[8.259s] gmake[2]: *** [CMakeFiles/node_01.dir/build.make:76: CMakeFiles/node_01.dir/src/node_01.cpp.o] Error 1
[8.262s] gmake[1]: *** [CMakeFiles/Makefile2:137: CMakeFiles/node_01.dir/all] Error 2
[8.263s] gmake: *** [Makefile:146: all] Error 2
[8.263s] Invoked command in '/home/nhmgs/d2lros2/chapt2/chapt2_ws/build/example_cpp' returned '2': CMAKE_PREFIX_PATH=/opt/ros/humble /usr/bin/cmake --build /home/nhmgs/d2lros2/chapt2/chapt2_ws/build/example_cpp -- -j12 -l12
